{"meta": {"format": 3, "version": "7.13.1", "timestamp": "2026-01-20T12:01:32.609760", "branch_coverage": false, "show_contexts": false}, "files": {"src/dqx/__init__.py": {"executed_lines": [3, 5, 7, 15, 23, 39, 40, 42, 47, 50, 56, 59, 61, 62, 65, 76, 77, 80, 83, 86], "summary": {"covered_lines": 20, "num_statements": 20, "percent_covered": 100.0, "percent_covered_display": "100", "missing_lines": 0, "excluded_lines": 2, "percent_statements_covered": 100.0, "percent_statements_covered_display": "100"}, "missing_lines": [], "excluded_lines": [43, 45], "functions": {"setup_logger": {"executed_lines": [56, 59, 61, 62, 65, 76, 77, 80, 83, 86], "summary": {"covered_lines": 10, "num_statements": 10, "percent_covered": 100.0, "percent_covered_display": "100", "missing_lines": 0, "excluded_lines": 0, "percent_statements_covered": 100.0, "percent_statements_covered_display": "100"}, "missing_lines": [], "excluded_lines": [], "start_line": 50}, "": {"executed_lines": [3, 5, 7, 15, 23, 39, 40, 42, 47, 50], "summary": {"covered_lines": 10, "num_statements": 10, "percent_covered": 100.0, "percent_covered_display": "100", "missing_lines": 0, "excluded_lines": 2, "percent_statements_covered": 100.0, "percent_statements_covered_display": "100"}, "missing_lines": [], "excluded_lines": [43, 45], "start_line": 1}}, "classes": {"": {"executed_lines": [3, 5, 7, 15, 23, 39, 40, 42, 47, 50, 56, 59, 61, 62, 65, 76, 77, 80, 83, 86], "summary": {"covered_lines": 20, "num_statements": 20, "percent_covered": 100.0, "percent_covered_display": "100", "missing_lines": 0, "excluded_lines": 2, "percent_statements_covered": 100.0, "percent_statements_covered_display": "100"}, "missing_lines": [], "excluded_lines": [43, 45], "start_line": 1}}}, "src/dqx/analyzer.py": {"executed_lines": [1, 3, 4, 5, 6, 7, 9, 10, 12, 13, 14, 22, 23, 24, 25, 26, 28, 30, 31, 34, 37, 52, 53, 56, 57, 58, 59, 63, 64, 66, 69, 70, 71, 73, 87, 90, 91, 93, 96, 98, 99, 101, 102, 104, 106, 117, 118, 119, 122, 123, 124, 127, 137, 138, 141, 144, 146, 149, 152, 163, 164, 167, 170, 175, 176, 177, 179, 181, 183, 184, 186, 187, 190, 191, 192, 193, 194, 197, 205, 213, 214, 215, 216, 217, 219, 220, 221, 223, 224, 225, 227, 228, 229, 231, 248, 251, 255, 256, 257, 259, 262, 263, 264, 267, 268, 269, 270, 271, 276, 277, 280, 282, 283, 285, 286, 291, 292, 294, 296, 297, 298, 299, 301, 303, 330, 331, 334, 335, 336, 339, 342, 344, 345, 346, 349, 350, 354, 356, 359, 360, 362, 376, 377, 379, 380, 382, 385, 387, 388, 390, 391, 393, 396, 398, 406, 408, 410, 411, 416, 419, 421, 423, 425, 428, 431, 432, 433, 434, 437, 439, 442, 445, 446, 449, 450, 452, 453, 456, 457, 460, 463, 464, 465, 467], "summary": {"covered_lines": 184, "num_statements": 184, "percent_covered": 100.0, "percent_covered_display": "100", "missing_lines": 0, "excluded_lines": 6, "percent_statements_covered": 100.0, "percent_statements_covered_display": "100"}, "missing_lines": [], "excluded_lines": [252, 253, 287, 288, 413, 414], "functions": {"_validate_value": {"executed_lines": [52, 53, 56, 57, 58, 59, 63, 64, 66], "summary": {"covered_lines": 9, "num_statements": 9, "percent_covered": 100.0, "percent_covered_display": "100", "missing_lines": 0, "excluded_lines": 0, "percent_statements_covered": 100.0, "percent_statements_covered_display": "100"}, "missing_lines": [], "excluded_lines": [], "start_line": 37}, "AnalysisReport.__init__": {"executed_lines": [71], "summary": {"covered_lines": 1, "num_statements": 1, "percent_covered": 100.0, "percent_covered_display": "100", "missing_lines": 0, "excluded_lines": 0, "percent_statements_covered": 100.0, "percent_statements_covered_display": "100"}, "missing_lines": [], "excluded_lines": [], "start_line": 70}, "AnalysisReport.merge": {"executed_lines": [87, 90, 91, 93, 96, 98, 99], "summary": {"covered_lines": 7, "num_statements": 7, "percent_covered": 100.0, "percent_covered_display": "100", "missing_lines": 0, "excluded_lines": 0, "percent_statements_covered": 100.0, "percent_statements_covered_display": "100"}, "missing_lines": [], "excluded_lines": [], "start_line": 73}, "AnalysisReport.show": {"executed_lines": [102, 104], "summary": {"covered_lines": 2, "num_statements": 2, "percent_covered": 100.0, "percent_covered_display": "100", "missing_lines": 0, "excluded_lines": 0, "percent_statements_covered": 100.0, "percent_statements_covered_display": "100"}, "missing_lines": [], "excluded_lines": [], "start_line": 101}, "AnalysisReport.persist": {"executed_lines": [117, 118, 119, 122, 123, 124], "summary": {"covered_lines": 6, "num_statements": 6, "percent_covered": 100.0, "percent_covered_display": "100", "missing_lines": 0, "excluded_lines": 0, "percent_statements_covered": 100.0, "percent_statements_covered_display": "100"}, "missing_lines": [], "excluded_lines": [], "start_line": 106}, "analyze_sql_ops": {"executed_lines": [137, 138, 141, 144, 146, 149, 152, 163, 164, 167, 170, 175, 176, 177, 179, 181, 183, 184, 186, 187, 190, 191, 192, 193, 194], "summary": {"covered_lines": 25, "num_statements": 25, "percent_covered": 100.0, "percent_covered_display": "100", "missing_lines": 0, "excluded_lines": 0, "percent_statements_covered": 100.0, "percent_statements_covered_display": "100"}, "missing_lines": [], "excluded_lines": [], "start_line": 127}, "Analyzer.__init__": {"executed_lines": [213, 214, 215, 216, 217], "summary": {"covered_lines": 5, "num_statements": 5, "percent_covered": 100.0, "percent_covered_display": "100", "missing_lines": 0, "excluded_lines": 0, "percent_statements_covered": 100.0, "percent_statements_covered_display": "100"}, "missing_lines": [], "excluded_lines": [], "start_line": 205}, "Analyzer.metrics": {"executed_lines": [221], "summary": {"covered_lines": 1, "num_statements": 1, "percent_covered": 100.0, "percent_covered_display": "100", "missing_lines": 0, "excluded_lines": 0, "percent_statements_covered": 100.0, "percent_statements_covered_display": "100"}, "missing_lines": [], "excluded_lines": [], "start_line": 220}, "Analyzer.db": {"executed_lines": [225], "summary": {"covered_lines": 1, "num_statements": 1, "percent_covered": 100.0, "percent_covered_display": "100", "missing_lines": 0, "excluded_lines": 0, "percent_statements_covered": 100.0, "percent_statements_covered_display": "100"}, "missing_lines": [], "excluded_lines": [], "start_line": 224}, "Analyzer.cache": {"executed_lines": [229], "summary": {"covered_lines": 1, "num_statements": 1, "percent_covered": 100.0, "percent_covered_display": "100", "missing_lines": 0, "excluded_lines": 0, "percent_statements_covered": 100.0, "percent_statements_covered_display": "100"}, "missing_lines": [], "excluded_lines": [], "start_line": 228}, "Analyzer._analyze_internal": {"executed_lines": [248, 251, 255, 256, 257, 259, 262, 263, 264, 267, 268, 269, 270, 271, 276, 277, 280, 282, 283, 285, 286, 291, 292, 294, 296, 297, 298, 299, 301], "summary": {"covered_lines": 29, "num_statements": 29, "percent_covered": 100.0, "percent_covered_display": "100", "missing_lines": 0, "excluded_lines": 4, "percent_statements_covered": 100.0, "percent_statements_covered_display": "100"}, "missing_lines": [], "excluded_lines": [252, 253, 287, 288], "start_line": 231}, "Analyzer.analyze_simple_metrics": {"executed_lines": [330, 331, 334, 335, 336, 339, 342, 344, 345, 346, 349, 350, 354, 356, 359, 360], "summary": {"covered_lines": 16, "num_statements": 16, "percent_covered": 100.0, "percent_covered_display": "100", "missing_lines": 0, "excluded_lines": 0, "percent_statements_covered": 100.0, "percent_statements_covered_display": "100"}, "missing_lines": [], "excluded_lines": [], "start_line": 303}, "Analyzer.analyze_extended_metrics": {"executed_lines": [376, 377, 379, 380, 382, 385, 387, 388, 390, 391, 393, 396, 398, 406, 408, 410, 411, 416, 419, 421], "summary": {"covered_lines": 20, "num_statements": 20, "percent_covered": 100.0, "percent_covered_display": "100", "missing_lines": 0, "excluded_lines": 2, "percent_statements_covered": 100.0, "percent_statements_covered_display": "100"}, "missing_lines": [], "excluded_lines": [413, 414], "start_line": 362}, "Analyzer.analyze": {"executed_lines": [425, 428, 431, 432, 433, 434, 437, 439, 442, 445, 446, 449, 450, 452, 453, 456, 457, 460, 463, 464, 465, 467], "summary": {"covered_lines": 22, "num_statements": 22, "percent_covered": 100.0, "percent_covered_display": "100", "missing_lines": 0, "excluded_lines": 0, "percent_statements_covered": 100.0, "percent_statements_covered_display": "100"}, "missing_lines": [], "excluded_lines": [], "start_line": 423}, "": {"executed_lines": [1, 3, 4, 5, 6, 7, 9, 10, 12, 13, 14, 22, 23, 24, 25, 26, 28, 30, 31, 34, 37, 69, 70, 73, 101, 106, 127, 197, 205, 219, 220, 223, 224, 227, 228, 231, 303, 362, 423], "summary": {"covered_lines": 39, "num_statements": 39, "percent_covered": 100.0, "percent_covered_display": "100", "missing_lines": 0, "excluded_lines": 0, "percent_statements_covered": 100.0, "percent_statements_covered_display": "100"}, "missing_lines": [], "excluded_lines": [], "start_line": 1}}, "classes": {"AnalysisReport": {"executed_lines": [71, 87, 90, 91, 93, 96, 98, 99, 102, 104, 117, 118, 119, 122, 123, 124], "summary": {"covered_lines": 16, "num_statements": 16, "percent_covered": 100.0, "percent_covered_display": "100", "missing_lines": 0, "excluded_lines": 0, "percent_statements_covered": 100.0, "percent_statements_covered_display": "100"}, "missing_lines": [], "excluded_lines": [], "start_line": 69}, "Analyzer": {"executed_lines": [213, 214, 215, 216, 217, 221, 225, 229, 248, 251, 255, 256, 257, 259, 262, 263, 264, 267, 268, 269, 270, 271, 276, 277, 280, 282, 283, 285, 286, 291, 292, 294, 296, 297, 298, 299, 301, 330, 331, 334, 335, 336, 339, 342, 344, 345, 346, 349, 350, 354, 356, 359, 360, 376, 377, 379, 380, 382, 385, 387, 388, 390, 391, 393, 396, 398, 406, 408, 410, 411, 416, 419, 421, 425, 428, 431, 432, 433, 434, 437, 439, 442, 445, 446, 449, 450, 452, 453, 456, 457, 460, 463, 464, 465, 467], "summary": {"covered_lines": 95, "num_statements": 95, "percent_covered": 100.0, "percent_covered_display": "100", "missing_lines": 0, "excluded_lines": 6, "percent_statements_covered": 100.0, "percent_statements_covered_display": "100"}, "missing_lines": [], "excluded_lines": [252, 253, 287, 288, 413, 414], "start_line": 197}, "": {"executed_lines": [1, 3, 4, 5, 6, 7, 9, 10, 12, 13, 14, 22, 23, 24, 25, 26, 28, 30, 31, 34, 37, 52, 53, 56, 57, 58, 59, 63, 64, 66, 69, 70, 73, 101, 106, 127, 137, 138, 141, 144, 146, 149, 152, 163, 164, 167, 170, 175, 176, 177, 179, 181, 183, 184, 186, 187, 190, 191, 192, 193, 194, 197, 205, 219, 220, 223, 224, 227, 228, 231, 303, 362, 423], "summary": {"covered_lines": 73, "num_statements": 73, "percent_covered": 100.0, "percent_covered_display": "100", "missing_lines": 0, "excluded_lines": 0, "percent_statements_covered": 100.0, "percent_statements_covered_display": "100"}, "missing_lines": [], "excluded_lines": [], "start_line": 1}}}, "src/dqx/api.py": {"executed_lines": [1, 3, 4, 5, 6, 7, 8, 9, 10, 11, 13, 14, 16, 17, 18, 27, 28, 29, 32, 33, 34, 35, 36, 37, 42, 43, 46, 49, 52, 53, 56, 79, 81, 82, 83, 86, 99, 107, 108, 110, 137, 138, 139, 140, 142, 145, 146, 147, 148, 149, 150, 151, 152, 158, 159, 160, 161, 162, 164, 177, 185, 211, 212, 213, 214, 215, 216, 217, 218, 219, 227, 241, 243, 244, 245, 247, 248, 256, 258, 260, 261, 262, 264, 265, 273, 300, 302, 304, 305, 308, 309, 317, 319, 321, 322, 323, 325, 326, 334, 346, 348, 349, 350, 352, 353, 361, 369, 371, 372, 373, 375, 376, 389, 418, 421, 422, 424, 426, 427, 432, 436, 440, 442, 443, 446, 447, 448, 449, 452, 455, 456, 459, 460, 461, 462, 468, 470, 471, 473, 475, 476, 478, 485, 486, 488, 495, 496, 498, 504, 505, 507, 519, 520, 522, 523, 524, 530, 542, 561, 569, 583, 584, 587, 592, 601, 611, 613, 614, 617, 619, 620, 621, 622, 623, 625, 626, 633, 635, 641, 643, 645, 647, 649, 650, 652, 653, 655, 656, 658, 659, 661, 662, 663, 665, 667, 668, 670, 672, 689, 691, 698, 699, 700, 701, 704, 749, 814, 817, 818, 823, 825, 826, 831, 833, 834, 837, 843, 845, 846, 848, 850, 851, 854, 855, 856, 857, 860, 861, 865, 866, 867, 869, 870, 871, 872, 875, 878, 886, 887, 890, 893, 896, 899, 902, 905, 908, 909, 910, 911, 912, 914, 917, 918, 919, 923, 924, 925, 926, 927, 928, 933, 934, 935, 936, 939, 940, 943, 947, 949, 950, 953, 954, 956, 957, 959, 960, 971, 973, 974, 989, 991, 992, 1005, 1006, 1008, 1009, 1018, 1020, 1021, 1031, 1032, 1036, 1038, 1039, 1046, 1047, 1048, 1050, 1051, 1061, 1063, 1065, 1066, 1076, 1078, 1079, 1086, 1088, 1095, 1096, 1102, 1113, 1115, 1128, 1129, 1130, 1132, 1146, 1147, 1148, 1150, 1163, 1164, 1165, 1167, 1200, 1203, 1211, 1212, 1216, 1217, 1220, 1221, 1222, 1223, 1224, 1227, 1229, 1240, 1243, 1244, 1245, 1246, 1248, 1250, 1269, 1270, 1274, 1306, 1307, 1309, 1310, 1317, 1318, 1319, 1323, 1324, 1325, 1326, 1328, 1331, 1332, 1333, 1334, 1337, 1339, 1341, 1343, 1344, 1345, 1347, 1348, 1351, 1352, 1354, 1356, 1364, 1367, 1368, 1370, 1372, 1380, 1385, 1387, 1395, 1400, 1402, 1423, 1426, 1436, 1438, 1441, 1452, 1463, 1465, 1468, 1469, 1472, 1475, 1476, 1479, 1480, 1490, 1510, 1512, 1513, 1515, 1522, 1524, 1525, 1532, 1533, 1536, 1537, 1538, 1539, 1540, 1542, 1558, 1560, 1564, 1574, 1575, 1576, 1579, 1580, 1581, 1582, 1583, 1584, 1595, 1599, 1600, 1601, 1603, 1604, 1605, 1606, 1607, 1608, 1609, 1610, 1611, 1612, 1614, 1617, 1618, 1621, 1624, 1625, 1627, 1630, 1631, 1632, 1634, 1635, 1636, 1637, 1638, 1639, 1640, 1641, 1642, 1643, 1652, 1656, 1660, 1661, 1671, 1673, 1676, 1678, 1680, 1689, 1690, 1691, 1693, 1694, 1697, 1699, 1708, 1710, 1718, 1719, 1726, 1736, 1738, 1739, 1751, 1754, 1755, 1759, 1790, 1792, 1794, 1797, 1804, 1805, 1806, 1807, 1808, 1809, 1810, 1811, 1812, 1813, 1814, 1815, 1816, 1817, 1818, 1819, 1821, 1822, 1823, 1824, 1825, 1831, 1832, 1833, 1834, 1835, 1836, 1837, 1838, 1850, 1852, 1854, 1856, 1857, 1859, 1863, 1865, 1878, 1879, 1882, 1883, 1886, 1887, 1888, 1889, 1891, 1895, 1902, 1904, 1918, 1919, 1925, 1926, 1928, 1929, 1930, 1931, 1934, 1935, 1937, 1938, 1939, 1940, 1941, 1942, 1943, 1944, 1945, 1948, 1951, 1957, 1958, 1961, 1965, 1966, 1967, 1970, 1971, 1982, 1983, 1987, 1988, 1991, 1994, 1995, 1997, 2010, 2013, 2014, 2016, 2017, 2020, 2022, 2025, 2029, 2031, 2032, 2033, 2035, 2036, 2039, 2040, 2041, 2044, 2046, 2062, 2065, 2066, 2068, 2092, 2096, 2099, 2100, 2101, 2103, 2105, 2133, 2136, 2139, 2142, 2145, 2153, 2161, 2162, 2165, 2180, 2182, 2196, 2199, 2221, 2224, 2225, 2228, 2253, 2255, 2257, 2259], "summary": {"covered_lines": 633, "num_statements": 633, "percent_covered": 100.0, "percent_covered_display": "100", "missing_lines": 0, "excluded_lines": 135, "percent_statements_covered": 100.0, "percent_statements_covered_display": "100"}, "missing_lines": [], "excluded_lines": [39, 40, 221, 222, 223, 224, 225, 226, 250, 251, 252, 253, 254, 255, 267, 268, 269, 270, 271, 272, 311, 312, 313, 314, 315, 316, 328, 329, 330, 331, 332, 333, 355, 356, 357, 358, 359, 360, 378, 379, 380, 381, 382, 383, 384, 385, 386, 387, 388, 558, 559, 562, 563, 588, 589, 590, 591, 840, 841, 862, 863, 1033, 1062, 1381, 1382, 1396, 1397, 1429, 1431, 1433, 1481, 1483, 1485, 1519, 1520, 1528, 1529, 1565, 1567, 1569, 1570, 1571, 1586, 1588, 1590, 1591, 1592, 1647, 1648, 1654, 1655, 1662, 1665, 1667, 1668, 1669, 1695, 1696, 1700, 1702, 1703, 1704, 1705, 1707, 1720, 1721, 1722, 1724, 1740, 1742, 1743, 1744, 1745, 1747, 1748, 1749, 1750, 1753, 1756, 1757, 1798, 1800, 1802, 1826, 1828, 1830, 1839, 1841, 1843, 1844, 1846, 1848, 1977, 1978, 1979], "functions": {"collect_tunables_from_graph": {"executed_lines": [79, 81, 82, 83], "summary": {"covered_lines": 4, "num_statements": 4, "percent_covered": 100.0, "percent_covered_display": "100", "missing_lines": 0, "excluded_lines": 0, "percent_statements_covered": 100.0, "percent_statements_covered_display": "100"}, "missing_lines": [], "excluded_lines": [], "start_line": 56}, "AssertionDraft.__init__": {"executed_lines": [107, 108], "summary": {"covered_lines": 2, "num_statements": 2, "percent_covered": 100.0, "percent_covered_display": "100", "missing_lines": 0, "excluded_lines": 0, "percent_statements_covered": 100.0, "percent_statements_covered_display": "100"}, "missing_lines": [], "excluded_lines": [], "start_line": 99}, "AssertionDraft.where": {"executed_lines": [137, 138, 139, 140, 142, 145, 146, 147, 148, 149, 150, 151, 152, 158, 159, 160, 161, 162, 164], "summary": {"covered_lines": 19, "num_statements": 19, "percent_covered": 100.0, "percent_covered_display": "100", "missing_lines": 0, "excluded_lines": 0, "percent_statements_covered": 100.0, "percent_statements_covered_display": "100"}, "missing_lines": [], "excluded_lines": [], "start_line": 110}, "AssertionReady.__init__": {"executed_lines": [211, 212, 213, 214, 215, 216, 217, 218, 219], "summary": {"covered_lines": 9, "num_statements": 9, "percent_covered": 100.0, "percent_covered_display": "100", "missing_lines": 0, "excluded_lines": 0, "percent_statements_covered": 100.0, "percent_statements_covered_display": "100"}, "missing_lines": [], "excluded_lines": [], "start_line": 185}, "AssertionReady.is_geq": {"executed_lines": [241, 243, 244, 245, 247, 248], "summary": {"covered_lines": 6, "num_statements": 6, "percent_covered": 100.0, "percent_covered_display": "100", "missing_lines": 0, "excluded_lines": 0, "percent_statements_covered": 100.0, "percent_statements_covered_display": "100"}, "missing_lines": [], "excluded_lines": [], "start_line": 227}, "AssertionReady.is_gt": {"executed_lines": [258, 260, 261, 262, 264, 265], "summary": {"covered_lines": 6, "num_statements": 6, "percent_covered": 100.0, "percent_covered_display": "100", "missing_lines": 0, "excluded_lines": 0, "percent_statements_covered": 100.0, "percent_statements_covered_display": "100"}, "missing_lines": [], "excluded_lines": [], "start_line": 256}, "AssertionReady.is_leq": {"executed_lines": [300, 302, 304, 305, 308, 309], "summary": {"covered_lines": 6, "num_statements": 6, "percent_covered": 100.0, "percent_covered_display": "100", "missing_lines": 0, "excluded_lines": 0, "percent_statements_covered": 100.0, "percent_statements_covered_display": "100"}, "missing_lines": [], "excluded_lines": [], "start_line": 273}, "AssertionReady.is_lt": {"executed_lines": [319, 321, 322, 323, 325, 326], "summary": {"covered_lines": 6, "num_statements": 6, "percent_covered": 100.0, "percent_covered_display": "100", "missing_lines": 0, "excluded_lines": 0, "percent_statements_covered": 100.0, "percent_statements_covered_display": "100"}, "missing_lines": [], "excluded_lines": [], "start_line": 317}, "AssertionReady.is_eq": {"executed_lines": [346, 348, 349, 350, 352, 353], "summary": {"covered_lines": 6, "num_statements": 6, "percent_covered": 100.0, "percent_covered_display": "100", "missing_lines": 0, "excluded_lines": 0, "percent_statements_covered": 100.0, "percent_statements_covered_display": "100"}, "missing_lines": [], "excluded_lines": [], "start_line": 334}, "AssertionReady.is_neq": {"executed_lines": [369, 371, 372, 373, 375, 376], "summary": {"covered_lines": 6, "num_statements": 6, "percent_covered": 100.0, "percent_covered_display": "100", "missing_lines": 0, "excluded_lines": 0, "percent_statements_covered": 100.0, "percent_statements_covered_display": "100"}, "missing_lines": [], "excluded_lines": [], "start_line": 361}, "AssertionReady.is_between": {"executed_lines": [418, 421, 422, 424, 426, 427, 432, 436, 440, 442, 443, 446, 447, 448, 449, 452, 455, 456, 459, 460, 461, 462, 468, 470, 471], "summary": {"covered_lines": 25, "num_statements": 25, "percent_covered": 100.0, "percent_covered_display": "100", "missing_lines": 0, "excluded_lines": 0, "percent_statements_covered": 100.0, "percent_statements_covered_display": "100"}, "missing_lines": [], "excluded_lines": [], "start_line": 389}, "AssertionReady.is_negative": {"executed_lines": [475, 476], "summary": {"covered_lines": 2, "num_statements": 2, "percent_covered": 100.0, "percent_covered_display": "100", "missing_lines": 0, "excluded_lines": 0, "percent_statements_covered": 100.0, "percent_statements_covered_display": "100"}, "missing_lines": [], "excluded_lines": [], "start_line": 473}, "AssertionReady.is_positive": {"executed_lines": [485, 486], "summary": {"covered_lines": 2, "num_statements": 2, "percent_covered": 100.0, "percent_covered_display": "100", "missing_lines": 0, "excluded_lines": 0, "percent_statements_covered": 100.0, "percent_statements_covered_display": "100"}, "missing_lines": [], "excluded_lines": [], "start_line": 478}, "AssertionReady.is_zero": {"executed_lines": [495, 496], "summary": {"covered_lines": 2, "num_statements": 2, "percent_covered": 100.0, "percent_covered_display": "100", "missing_lines": 0, "excluded_lines": 0, "percent_statements_covered": 100.0, "percent_statements_covered_display": "100"}, "missing_lines": [], "excluded_lines": [], "start_line": 488}, "AssertionReady.noop": {"executed_lines": [504, 505], "summary": {"covered_lines": 2, "num_statements": 2, "percent_covered": 100.0, "percent_covered_display": "100", "missing_lines": 0, "excluded_lines": 0, "percent_statements_covered": 100.0, "percent_statements_covered_display": "100"}, "missing_lines": [], "excluded_lines": [], "start_line": 498}, "AssertionReady._create_assertion_node": {"executed_lines": [519, 520, 522, 523, 524, 530], "summary": {"covered_lines": 6, "num_statements": 6, "percent_covered": 100.0, "percent_covered_display": "100", "missing_lines": 0, "excluded_lines": 0, "percent_statements_covered": 100.0, "percent_statements_covered_display": "100"}, "missing_lines": [], "excluded_lines": [], "start_line": 507}, "AssertionReady._create_assertion_node_with_tunables": {"executed_lines": [561, 569], "summary": {"covered_lines": 2, "num_statements": 2, "percent_covered": 100.0, "percent_covered_display": "100", "missing_lines": 0, "excluded_lines": 4, "percent_statements_covered": 100.0, "percent_statements_covered_display": "100"}, "missing_lines": [], "excluded_lines": [558, 559, 562, 563], "start_line": 542}, "DecoratedCheck.__call__": {"executed_lines": [], "summary": {"covered_lines": 0, "num_statements": 0, "percent_covered": 100.0, "percent_covered_display": "100", "missing_lines": 0, "excluded_lines": 1, "percent_statements_covered": 100.0, "percent_statements_covered_display": "100"}, "missing_lines": [], "excluded_lines": [589], "start_line": 589}, "Context.__init__": {"executed_lines": [611, 613, 614, 617], "summary": {"covered_lines": 4, "num_statements": 4, "percent_covered": 100.0, "percent_covered_display": "100", "missing_lines": 0, "excluded_lines": 0, "percent_statements_covered": 100.0, "percent_statements_covered_display": "100"}, "missing_lines": [], "excluded_lines": [], "start_line": 601}, "Context._check_stack": {"executed_lines": [621, 622, 623], "summary": {"covered_lines": 3, "num_statements": 3, "percent_covered": 100.0, "percent_covered_display": "100", "missing_lines": 0, "excluded_lines": 0, "percent_statements_covered": 100.0, "percent_statements_covered_display": "100"}, "missing_lines": [], "excluded_lines": [], "start_line": 620}, "Context.start_time": {"executed_lines": [633], "summary": {"covered_lines": 1, "num_statements": 1, "percent_covered": 100.0, "percent_covered_display": "100", "missing_lines": 0, "excluded_lines": 0, "percent_statements_covered": 100.0, "percent_statements_covered_display": "100"}, "missing_lines": [], "excluded_lines": [], "start_line": 626}, "Context.tick": {"executed_lines": [641], "summary": {"covered_lines": 1, "num_statements": 1, "percent_covered": 100.0, "percent_covered_display": "100", "missing_lines": 0, "excluded_lines": 0, "percent_statements_covered": 100.0, "percent_statements_covered_display": "100"}, "missing_lines": [], "excluded_lines": [], "start_line": 635}, "Context._push_check": {"executed_lines": [645], "summary": {"covered_lines": 1, "num_statements": 1, "percent_covered": 100.0, "percent_covered_display": "100", "missing_lines": 0, "excluded_lines": 0, "percent_statements_covered": 100.0, "percent_statements_covered_display": "100"}, "missing_lines": [], "excluded_lines": [], "start_line": 643}, "Context._pop_check": {"executed_lines": [649, 650], "summary": {"covered_lines": 2, "num_statements": 2, "percent_covered": 100.0, "percent_covered_display": "100", "missing_lines": 0, "excluded_lines": 0, "percent_statements_covered": 100.0, "percent_statements_covered_display": "100"}, "missing_lines": [], "excluded_lines": [], "start_line": 647}, "Context.current_check": {"executed_lines": [655, 656], "summary": {"covered_lines": 2, "num_statements": 2, "percent_covered": 100.0, "percent_covered_display": "100", "missing_lines": 0, "excluded_lines": 0, "percent_statements_covered": 100.0, "percent_statements_covered_display": "100"}, "missing_lines": [], "excluded_lines": [], "start_line": 653}, "Context.check_context": {"executed_lines": [661, 662, 663, 665], "summary": {"covered_lines": 4, "num_statements": 4, "percent_covered": 100.0, "percent_covered_display": "100", "missing_lines": 0, "excluded_lines": 0, "percent_statements_covered": 100.0, "percent_statements_covered_display": "100"}, "missing_lines": [], "excluded_lines": [], "start_line": 659}, "Context.provider": {"executed_lines": [670], "summary": {"covered_lines": 1, "num_statements": 1, "percent_covered": 100.0, "percent_covered_display": "100", "missing_lines": 0, "excluded_lines": 0, "percent_statements_covered": 100.0, "percent_statements_covered_display": "100"}, "missing_lines": [], "excluded_lines": [], "start_line": 668}, "Context.assert_that": {"executed_lines": [689], "summary": {"covered_lines": 1, "num_statements": 1, "percent_covered": 100.0, "percent_covered_display": "100", "missing_lines": 0, "excluded_lines": 0, "percent_statements_covered": 100.0, "percent_statements_covered_display": "100"}, "missing_lines": [], "excluded_lines": [], "start_line": 672}, "Context.pending_metrics": {"executed_lines": [698, 699, 700, 701], "summary": {"covered_lines": 4, "num_statements": 4, "percent_covered": 100.0, "percent_covered_display": "100", "missing_lines": 0, "excluded_lines": 0, "percent_statements_covered": 100.0, "percent_statements_covered_display": "100"}, "missing_lines": [], "excluded_lines": [], "start_line": 691}, "VerificationSuite.__init__": {"executed_lines": [814, 817, 818, 823, 825, 826, 831, 833, 834, 837, 843, 845, 846, 848, 850, 851, 854, 855, 856, 857, 860, 861, 865, 866, 867, 869, 870, 871, 872, 875, 878, 886, 887, 890, 893, 896, 899, 902, 905, 908, 909, 910, 911, 912, 914, 917, 918, 919, 923, 924, 925, 926, 927, 928, 933, 934, 935, 936, 939, 940, 943, 947, 949, 950, 953, 954, 956, 957], "summary": {"covered_lines": 68, "num_statements": 68, "percent_covered": 100.0, "percent_covered_display": "100", "missing_lines": 0, "excluded_lines": 4, "percent_statements_covered": 100.0, "percent_statements_covered_display": "100"}, "missing_lines": [], "excluded_lines": [840, 841, 862, 863], "start_line": 749}, "VerificationSuite.execution_id": {"executed_lines": [971], "summary": {"covered_lines": 1, "num_statements": 1, "percent_covered": 100.0, "percent_covered_display": "100", "missing_lines": 0, "excluded_lines": 0, "percent_statements_covered": 100.0, "percent_statements_covered_display": "100"}, "missing_lines": [], "excluded_lines": [], "start_line": 960}, "VerificationSuite.graph": {"executed_lines": [989], "summary": {"covered_lines": 1, "num_statements": 1, "percent_covered": 100.0, "percent_covered_display": "100", "missing_lines": 0, "excluded_lines": 0, "percent_statements_covered": 100.0, "percent_statements_covered_display": "100"}, "missing_lines": [], "excluded_lines": [], "start_line": 974}, "VerificationSuite.analysis_reports": {"executed_lines": [1005, 1006], "summary": {"covered_lines": 2, "num_statements": 2, "percent_covered": 100.0, "percent_covered_display": "100", "missing_lines": 0, "excluded_lines": 0, "percent_statements_covered": 100.0, "percent_statements_covered_display": "100"}, "missing_lines": [], "excluded_lines": [], "start_line": 992}, "VerificationSuite.provider": {"executed_lines": [1018], "summary": {"covered_lines": 1, "num_statements": 1, "percent_covered": 100.0, "percent_covered_display": "100", "missing_lines": 0, "excluded_lines": 0, "percent_statements_covered": 100.0, "percent_statements_covered_display": "100"}, "missing_lines": [], "excluded_lines": [], "start_line": 1009}, "VerificationSuite.metrics_stats": {"executed_lines": [1031, 1032, 1036], "summary": {"covered_lines": 3, "num_statements": 3, "percent_covered": 100.0, "percent_covered_display": "100", "missing_lines": 0, "excluded_lines": 1, "percent_statements_covered": 100.0, "percent_statements_covered_display": "100"}, "missing_lines": [], "excluded_lines": [1033], "start_line": 1021}, "VerificationSuite.plugin_manager": {"executed_lines": [1046, 1047, 1048], "summary": {"covered_lines": 3, "num_statements": 3, "percent_covered": 100.0, "percent_covered_display": "100", "missing_lines": 0, "excluded_lines": 0, "percent_statements_covered": 100.0, "percent_statements_covered_display": "100"}, "missing_lines": [], "excluded_lines": [], "start_line": 1039}, "VerificationSuite.key": {"executed_lines": [1061, 1063], "summary": {"covered_lines": 2, "num_statements": 2, "percent_covered": 100.0, "percent_covered_display": "100", "missing_lines": 0, "excluded_lines": 1, "percent_statements_covered": 100.0, "percent_statements_covered_display": "100"}, "missing_lines": [], "excluded_lines": [1062], "start_line": 1051}, "VerificationSuite.data_av_threshold": {"executed_lines": [1076], "summary": {"covered_lines": 1, "num_statements": 1, "percent_covered": 100.0, "percent_covered_display": "100", "missing_lines": 0, "excluded_lines": 0, "percent_statements_covered": 100.0, "percent_statements_covered_display": "100"}, "missing_lines": [], "excluded_lines": [], "start_line": 1066}, "VerificationSuite.is_evaluated": {"executed_lines": [1086], "summary": {"covered_lines": 1, "num_statements": 1, "percent_covered": 100.0, "percent_covered_display": "100", "missing_lines": 0, "excluded_lines": 0, "percent_statements_covered": 100.0, "percent_statements_covered_display": "100"}, "missing_lines": [], "excluded_lines": [], "start_line": 1079}, "VerificationSuite.assert_is_evaluated": {"executed_lines": [1095, 1096], "summary": {"covered_lines": 2, "num_statements": 2, "percent_covered": 100.0, "percent_covered_display": "100", "missing_lines": 0, "excluded_lines": 0, "percent_statements_covered": 100.0, "percent_statements_covered_display": "100"}, "missing_lines": [], "excluded_lines": [], "start_line": 1088}, "VerificationSuite.get_tunable_params": {"executed_lines": [1113], "summary": {"covered_lines": 1, "num_statements": 1, "percent_covered": 100.0, "percent_covered_display": "100", "missing_lines": 0, "excluded_lines": 0, "percent_statements_covered": 100.0, "percent_statements_covered_display": "100"}, "missing_lines": [], "excluded_lines": [], "start_line": 1102}, "VerificationSuite.get_param": {"executed_lines": [1128, 1129, 1130], "summary": {"covered_lines": 3, "num_statements": 3, "percent_covered": 100.0, "percent_covered_display": "100", "missing_lines": 0, "excluded_lines": 0, "percent_statements_covered": 100.0, "percent_statements_covered_display": "100"}, "missing_lines": [], "excluded_lines": [], "start_line": 1115}, "VerificationSuite.set_param": {"executed_lines": [1146, 1147, 1148], "summary": {"covered_lines": 3, "num_statements": 3, "percent_covered": 100.0, "percent_covered_display": "100", "missing_lines": 0, "excluded_lines": 0, "percent_statements_covered": 100.0, "percent_statements_covered_display": "100"}, "missing_lines": [], "excluded_lines": [], "start_line": 1132}, "VerificationSuite.get_param_history": {"executed_lines": [1163, 1164, 1165], "summary": {"covered_lines": 3, "num_statements": 3, "percent_covered": 100.0, "percent_covered_display": "100", "missing_lines": 0, "excluded_lines": 0, "percent_statements_covered": 100.0, "percent_statements_covered_display": "100"}, "missing_lines": [], "excluded_lines": [], "start_line": 1150}, "VerificationSuite.reset": {"executed_lines": [1200, 1203, 1211, 1212, 1216, 1217, 1220, 1221, 1222, 1223, 1224, 1227], "summary": {"covered_lines": 12, "num_statements": 12, "percent_covered": 100.0, "percent_covered_display": "100", "missing_lines": 0, "excluded_lines": 0, "percent_statements_covered": 100.0, "percent_statements_covered_display": "100"}, "missing_lines": [], "excluded_lines": [], "start_line": 1167}, "VerificationSuite._build_dql_checks": {"executed_lines": [1240, 1243, 1244, 1245, 1246, 1248], "summary": {"covered_lines": 6, "num_statements": 6, "percent_covered": 100.0, "percent_covered_display": "100", "missing_lines": 0, "excluded_lines": 0, "percent_statements_covered": 100.0, "percent_statements_covered_display": "100"}, "missing_lines": [], "excluded_lines": [], "start_line": 1229}, "VerificationSuite._build_tunables_from_ast": {"executed_lines": [1269, 1270, 1274, 1306, 1307, 1309, 1310, 1317, 1318, 1319, 1323, 1324, 1325, 1326, 1328, 1331, 1332, 1333, 1334, 1337, 1339], "summary": {"covered_lines": 21, "num_statements": 21, "percent_covered": 100.0, "percent_covered_display": "100", "missing_lines": 0, "excluded_lines": 0, "percent_statements_covered": 100.0, "percent_statements_covered_display": "100"}, "missing_lines": [], "excluded_lines": [], "start_line": 1250}, "VerificationSuite._build_check_from_ast": {"executed_lines": [1343, 1344, 1345, 1347, 1348, 1354], "summary": {"covered_lines": 6, "num_statements": 6, "percent_covered": 100.0, "percent_covered_display": "100", "missing_lines": 0, "excluded_lines": 0, "percent_statements_covered": 100.0, "percent_statements_covered_display": "100"}, "missing_lines": [], "excluded_lines": [], "start_line": 1341}, "VerificationSuite._build_check_from_ast.dynamic_check": {"executed_lines": [1351, 1352], "summary": {"covered_lines": 2, "num_statements": 2, "percent_covered": 100.0, "percent_covered_display": "100", "missing_lines": 0, "excluded_lines": 0, "percent_statements_covered": 100.0, "percent_statements_covered_display": "100"}, "missing_lines": [], "excluded_lines": [], "start_line": 1348}, "VerificationSuite._build_statement": {"executed_lines": [1364, 1367, 1368, 1370], "summary": {"covered_lines": 4, "num_statements": 4, "percent_covered": 100.0, "percent_covered_display": "100", "missing_lines": 0, "excluded_lines": 0, "percent_statements_covered": 100.0, "percent_statements_covered_display": "100"}, "missing_lines": [], "excluded_lines": [], "start_line": 1356}, "VerificationSuite._build_assertion": {"executed_lines": [1380, 1385], "summary": {"covered_lines": 2, "num_statements": 2, "percent_covered": 100.0, "percent_covered_display": "100", "missing_lines": 0, "excluded_lines": 2, "percent_statements_covered": 100.0, "percent_statements_covered_display": "100"}, "missing_lines": [], "excluded_lines": [1381, 1382], "start_line": 1372}, "VerificationSuite._build_collection": {"executed_lines": [1395, 1400], "summary": {"covered_lines": 2, "num_statements": 2, "percent_covered": 100.0, "percent_covered_display": "100", "missing_lines": 0, "excluded_lines": 2, "percent_statements_covered": 100.0, "percent_statements_covered_display": "100"}, "missing_lines": [], "excluded_lines": [1396, 1397], "start_line": 1387}, "VerificationSuite._setup_assertion_ready": {"executed_lines": [1423, 1426, 1436, 1438, 1441], "summary": {"covered_lines": 5, "num_statements": 5, "percent_covered": 100.0, "percent_covered_display": "100", "missing_lines": 0, "excluded_lines": 3, "percent_statements_covered": 100.0, "percent_statements_covered_display": "100"}, "missing_lines": [], "excluded_lines": [1429, 1431, 1433], "start_line": 1402}, "VerificationSuite._eval_metric_expr": {"executed_lines": [1463, 1465, 1468, 1469, 1472, 1475, 1476, 1479, 1480], "summary": {"covered_lines": 9, "num_statements": 9, "percent_covered": 100.0, "percent_covered_display": "100", "missing_lines": 0, "excluded_lines": 3, "percent_statements_covered": 100.0, "percent_statements_covered_display": "100"}, "missing_lines": [], "excluded_lines": [1481, 1483, 1485], "start_line": 1452}, "VerificationSuite._eval_simple_expr": {"executed_lines": [1510, 1512, 1513, 1515, 1522, 1524, 1525, 1532, 1533, 1536, 1537, 1538, 1539, 1540], "summary": {"covered_lines": 14, "num_statements": 14, "percent_covered": 100.0, "percent_covered_display": "100", "missing_lines": 0, "excluded_lines": 4, "percent_statements_covered": 100.0, "percent_statements_covered_display": "100"}, "missing_lines": [], "excluded_lines": [1519, 1520, 1528, 1529], "start_line": 1490}, "VerificationSuite._handle_stddev_extension": {"executed_lines": [1558, 1560, 1564, 1574, 1575, 1576, 1579, 1580, 1581, 1582, 1583, 1584, 1595, 1599, 1600, 1601, 1603, 1604, 1605, 1606, 1607, 1608, 1609, 1610, 1611, 1612, 1614, 1617, 1618, 1621, 1624, 1625, 1627, 1630, 1631, 1632, 1634, 1635, 1636, 1637, 1638, 1639, 1640, 1641, 1642, 1643, 1652, 1656, 1660, 1661, 1671], "summary": {"covered_lines": 51, "num_statements": 51, "percent_covered": 100.0, "percent_covered_display": "100", "missing_lines": 0, "excluded_lines": 19, "percent_statements_covered": 100.0, "percent_statements_covered_display": "100"}, "missing_lines": [], "excluded_lines": [1565, 1567, 1569, 1570, 1571, 1586, 1588, 1590, 1591, 1592, 1647, 1648, 1654, 1655, 1662, 1665, 1667, 1668, 1669], "start_line": 1542}, "VerificationSuite._build_metric_namespace": {"executed_lines": [1676, 1680, 1710, 1726, 1759, 1790], "summary": {"covered_lines": 6, "num_statements": 6, "percent_covered": 100.0, "percent_covered_display": "100", "missing_lines": 0, "excluded_lines": 0, "percent_statements_covered": 100.0, "percent_statements_covered_display": "100"}, "missing_lines": [], "excluded_lines": [], "start_line": 1673}, "VerificationSuite._build_metric_namespace._to_str": {"executed_lines": [1678], "summary": {"covered_lines": 1, "num_statements": 1, "percent_covered": 100.0, "percent_covered_display": "100", "missing_lines": 0, "excluded_lines": 0, "percent_statements_covered": 100.0, "percent_statements_covered_display": "100"}, "missing_lines": [], "excluded_lines": [], "start_line": 1676}, "VerificationSuite._build_metric_namespace._convert_kwargs": {"executed_lines": [1689, 1690, 1691, 1693, 1694, 1697, 1699, 1708], "summary": {"covered_lines": 8, "num_statements": 8, "percent_covered": 100.0, "percent_covered_display": "100", "missing_lines": 0, "excluded_lines": 8, "percent_statements_covered": 100.0, "percent_statements_covered_display": "100"}, "missing_lines": [], "excluded_lines": [1695, 1696, 1700, 1702, 1703, 1704, 1705, 1707], "start_line": 1680}, "VerificationSuite._build_metric_namespace._convert_list_arg": {"executed_lines": [1718, 1719], "summary": {"covered_lines": 2, "num_statements": 2, "percent_covered": 100.0, "percent_covered_display": "100", "missing_lines": 0, "excluded_lines": 4, "percent_statements_covered": 100.0, "percent_statements_covered_display": "100"}, "missing_lines": [], "excluded_lines": [1720, 1721, 1722, 1724], "start_line": 1710}, "VerificationSuite._build_metric_namespace._convert_value": {"executed_lines": [1736, 1738, 1739, 1751, 1754, 1755], "summary": {"covered_lines": 6, "num_statements": 6, "percent_covered": 100.0, "percent_covered_display": "100", "missing_lines": 0, "excluded_lines": 12, "percent_statements_covered": 100.0, "percent_statements_covered_display": "100"}, "missing_lines": [], "excluded_lines": [1740, 1742, 1743, 1744, 1745, 1747, 1748, 1749, 1750, 1753, 1756, 1757], "start_line": 1726}, "VerificationSuite._apply_condition": {"executed_lines": [1794, 1797, 1804, 1805, 1806, 1807, 1808, 1809, 1810, 1811, 1812, 1813, 1814, 1815, 1816, 1817, 1818, 1819, 1821, 1822, 1823, 1824, 1825, 1831, 1832, 1833, 1834, 1835, 1836, 1837, 1838], "summary": {"covered_lines": 31, "num_statements": 31, "percent_covered": 100.0, "percent_covered_display": "100", "missing_lines": 0, "excluded_lines": 12, "percent_statements_covered": 100.0, "percent_statements_covered_display": "100"}, "missing_lines": [], "excluded_lines": [1798, 1800, 1802, 1826, 1828, 1830, 1839, 1841, 1843, 1844, 1846, 1848], "start_line": 1792}, "VerificationSuite._has_annotation": {"executed_lines": [1852], "summary": {"covered_lines": 1, "num_statements": 1, "percent_covered": 100.0, "percent_covered_display": "100", "missing_lines": 0, "excluded_lines": 0, "percent_statements_covered": 100.0, "percent_statements_covered_display": "100"}, "missing_lines": [], "excluded_lines": [], "start_line": 1850}, "VerificationSuite._get_cost_annotation": {"executed_lines": [1856, 1857, 1859, 1863], "summary": {"covered_lines": 4, "num_statements": 4, "percent_covered": 100.0, "percent_covered_display": "100", "missing_lines": 0, "excluded_lines": 0, "percent_statements_covered": 100.0, "percent_statements_covered_display": "100"}, "missing_lines": [], "excluded_lines": [], "start_line": 1854}, "VerificationSuite.build_graph": {"executed_lines": [1878, 1879, 1882, 1883, 1886, 1887, 1888, 1889], "summary": {"covered_lines": 8, "num_statements": 8, "percent_covered": 100.0, "percent_covered_display": "100", "missing_lines": 0, "excluded_lines": 0, "percent_statements_covered": 100.0, "percent_statements_covered_display": "100"}, "missing_lines": [], "excluded_lines": [], "start_line": 1865}, "VerificationSuite._analyze": {"executed_lines": [1895, 1902], "summary": {"covered_lines": 2, "num_statements": 2, "percent_covered": 100.0, "percent_covered_display": "100", "missing_lines": 0, "excluded_lines": 0, "percent_statements_covered": 100.0, "percent_statements_covered_display": "100"}, "missing_lines": [], "excluded_lines": [], "start_line": 1891}, "VerificationSuite.run": {"executed_lines": [1918, 1919, 1925, 1926, 1928, 1929, 1930, 1931, 1934, 1935, 1937, 1938, 1939, 1940, 1941, 1942, 1943, 1944, 1945, 1948, 1951, 1957, 1958, 1961, 1965, 1966, 1967, 1970, 1971, 1982, 1983, 1987, 1988, 1991, 1994, 1995], "summary": {"covered_lines": 36, "num_statements": 36, "percent_covered": 100.0, "percent_covered_display": "100", "missing_lines": 0, "excluded_lines": 3, "percent_statements_covered": 100.0, "percent_statements_covered_display": "100"}, "missing_lines": [], "excluded_lines": [1977, 1978, 1979], "start_line": 1904}, "VerificationSuite.collect_results": {"executed_lines": [2010, 2013, 2014, 2016, 2017, 2020, 2022, 2025, 2029, 2031, 2032, 2033, 2035, 2036, 2039, 2040, 2041, 2044, 2046, 2062, 2065, 2066], "summary": {"covered_lines": 22, "num_statements": 22, "percent_covered": 100.0, "percent_covered_display": "100", "missing_lines": 0, "excluded_lines": 0, "percent_statements_covered": 100.0, "percent_statements_covered_display": "100"}, "missing_lines": [], "excluded_lines": [], "start_line": 1997}, "VerificationSuite.is_critical": {"executed_lines": [2092, 2096, 2099, 2100, 2101, 2103], "summary": {"covered_lines": 6, "num_statements": 6, "percent_covered": 100.0, "percent_covered_display": "100", "missing_lines": 0, "excluded_lines": 0, "percent_statements_covered": 100.0, "percent_statements_covered_display": "100"}, "missing_lines": [], "excluded_lines": [], "start_line": 2068}, "VerificationSuite.metric_trace": {"executed_lines": [2133, 2136, 2139, 2142, 2145], "summary": {"covered_lines": 5, "num_statements": 5, "percent_covered": 100.0, "percent_covered_display": "100", "missing_lines": 0, "excluded_lines": 0, "percent_statements_covered": 100.0, "percent_statements_covered_display": "100"}, "missing_lines": [], "excluded_lines": [], "start_line": 2105}, "VerificationSuite._process_plugins": {"executed_lines": [2161, 2162, 2165, 2180], "summary": {"covered_lines": 4, "num_statements": 4, "percent_covered": 100.0, "percent_covered_display": "100", "missing_lines": 0, "excluded_lines": 0, "percent_statements_covered": 100.0, "percent_statements_covered_display": "100"}, "missing_lines": [], "excluded_lines": [], "start_line": 2153}, "VerificationSuite.cleanup_expired_metrics": {"executed_lines": [2196], "summary": {"covered_lines": 1, "num_statements": 1, "percent_covered": 100.0, "percent_covered_display": "100", "missing_lines": 0, "excluded_lines": 0, "percent_statements_covered": 100.0, "percent_statements_covered_display": "100"}, "missing_lines": [], "excluded_lines": [], "start_line": 2182}, "_create_check": {"executed_lines": [2221, 2224, 2225], "summary": {"covered_lines": 3, "num_statements": 3, "percent_covered": 100.0, "percent_covered_display": "100", "missing_lines": 0, "excluded_lines": 0, "percent_statements_covered": 100.0, "percent_statements_covered_display": "100"}, "missing_lines": [], "excluded_lines": [], "start_line": 2199}, "check": {"executed_lines": [2253, 2259], "summary": {"covered_lines": 2, "num_statements": 2, "percent_covered": 100.0, "percent_covered_display": "100", "missing_lines": 0, "excluded_lines": 0, "percent_statements_covered": 100.0, "percent_statements_covered_display": "100"}, "missing_lines": [], "excluded_lines": [], "start_line": 2228}, "check.decorator": {"executed_lines": [2255, 2257], "summary": {"covered_lines": 2, "num_statements": 2, "percent_covered": 100.0, "percent_covered_display": "100", "missing_lines": 0, "excluded_lines": 0, "percent_statements_covered": 100.0, "percent_statements_covered_display": "100"}, "missing_lines": [], "excluded_lines": [], "start_line": 2253}, "": {"executed_lines": [1, 3, 4, 5, 6, 7, 8, 9, 10, 11, 13, 14, 16, 17, 18, 27, 28, 29, 32, 33, 34, 35, 36, 37, 42, 43, 46, 49, 52, 53, 56, 86, 99, 110, 177, 185, 227, 256, 273, 317, 334, 361, 389, 473, 478, 488, 498, 507, 542, 583, 584, 587, 592, 601, 619, 620, 625, 626, 635, 643, 647, 652, 653, 658, 659, 667, 668, 672, 691, 704, 749, 959, 960, 973, 974, 991, 992, 1008, 1009, 1020, 1021, 1038, 1039, 1050, 1051, 1065, 1066, 1078, 1079, 1088, 1102, 1115, 1132, 1150, 1167, 1229, 1250, 1341, 1356, 1372, 1387, 1402, 1452, 1490, 1542, 1673, 1792, 1850, 1854, 1865, 1891, 1904, 1997, 2068, 2105, 2153, 2182, 2199, 2228], "summary": {"covered_lines": 119, "num_statements": 119, "percent_covered": 100.0, "percent_covered_display": "100", "missing_lines": 0, "excluded_lines": 38, "percent_statements_covered": 100.0, "percent_statements_covered_display": "100"}, "missing_lines": [], "excluded_lines": [39, 40, 221, 223, 224, 226, 250, 252, 253, 255, 267, 269, 270, 272, 311, 313, 314, 316, 328, 330, 331, 333, 355, 357, 358, 360, 378, 380, 381, 382, 383, 384, 385, 386, 388, 588, 590, 591], "start_line": 1}}, "classes": {"AssertionDraft": {"executed_lines": [107, 108, 137, 138, 139, 140, 142, 145, 146, 147, 148, 149, 150, 151, 152, 158, 159, 160, 161, 162, 164], "summary": {"covered_lines": 21, "num_statements": 21, "percent_covered": 100.0, "percent_covered_display": "100", "missing_lines": 0, "excluded_lines": 0, "percent_statements_covered": 100.0, "percent_statements_covered_display": "100"}, "missing_lines": [], "excluded_lines": [], "start_line": 86}, "AssertionReady": {"executed_lines": [211, 212, 213, 214, 215, 216, 217, 218, 219, 241, 243, 244, 245, 247, 248, 258, 260, 261, 262, 264, 265, 300, 302, 304, 305, 308, 309, 319, 321, 322, 323, 325, 326, 346, 348, 349, 350, 352, 353, 369, 371, 372, 373, 375, 376, 418, 421, 422, 424, 426, 427, 432, 436, 440, 442, 443, 446, 447, 448, 449, 452, 455, 456, 459, 460, 461, 462, 468, 470, 471, 475, 476, 485, 486, 495, 496, 504, 505, 519, 520, 522, 523, 524, 530, 561, 569], "summary": {"covered_lines": 86, "num_statements": 86, "percent_covered": 100.0, "percent_covered_display": "100", "missing_lines": 0, "excluded_lines": 18, "percent_statements_covered": 100.0, "percent_statements_covered_display": "100"}, "missing_lines": [], "excluded_lines": [222, 225, 251, 254, 268, 271, 312, 315, 329, 332, 356, 359, 379, 387, 558, 559, 562, 563], "start_line": 177}, "DecoratedCheck": {"executed_lines": [], "summary": {"covered_lines": 0, "num_statements": 0, "percent_covered": 100.0, "percent_covered_display": "100", "missing_lines": 0, "excluded_lines": 1, "percent_statements_covered": 100.0, "percent_statements_covered_display": "100"}, "missing_lines": [], "excluded_lines": [589], "start_line": 584}, "Context": {"executed_lines": [611, 613, 614, 617, 621, 622, 623, 633, 641, 645, 649, 650, 655, 656, 661, 662, 663, 665, 670, 689, 698, 699, 700, 701], "summary": {"covered_lines": 24, "num_statements": 24, "percent_covered": 100.0, "percent_covered_display": "100", "missing_lines": 0, "excluded_lines": 0, "percent_statements_covered": 100.0, "percent_statements_covered_display": "100"}, "missing_lines": [], "excluded_lines": [], "start_line": 592}, "VerificationSuite": {"executed_lines": [814, 817, 818, 823, 825, 826, 831, 833, 834, 837, 843, 845, 846, 848, 850, 851, 854, 855, 856, 857, 860, 861, 865, 866, 867, 869, 870, 871, 872, 875, 878, 886, 887, 890, 893, 896, 899, 902, 905, 908, 909, 910, 911, 912, 914, 917, 918, 919, 923, 924, 925, 926, 927, 928, 933, 934, 935, 936, 939, 940, 943, 947, 949, 950, 953, 954, 956, 957, 971, 989, 1005, 1006, 1018, 1031, 1032, 1036, 1046, 1047, 1048, 1061, 1063, 1076, 1086, 1095, 1096, 1113, 1128, 1129, 1130, 1146, 1147, 1148, 1163, 1164, 1165, 1200, 1203, 1211, 1212, 1216, 1217, 1220, 1221, 1222, 1223, 1224, 1227, 1240, 1243, 1244, 1245, 1246, 1248, 1269, 1270, 1274, 1306, 1307, 1309, 1310, 1317, 1318, 1319, 1323, 1324, 1325, 1326, 1328, 1331, 1332, 1333, 1334, 1337, 1339, 1343, 1344, 1345, 1347, 1348, 1351, 1352, 1354, 1364, 1367, 1368, 1370, 1380, 1385, 1395, 1400, 1423, 1426, 1436, 1438, 1441, 1463, 1465, 1468, 1469, 1472, 1475, 1476, 1479, 1480, 1510, 1512, 1513, 1515, 1522, 1524, 1525, 1532, 1533, 1536, 1537, 1538, 1539, 1540, 1558, 1560, 1564, 1574, 1575, 1576, 1579, 1580, 1581, 1582, 1583, 1584, 1595, 1599, 1600, 1601, 1603, 1604, 1605, 1606, 1607, 1608, 1609, 1610, 1611, 1612, 1614, 1617, 1618, 1621, 1624, 1625, 1627, 1630, 1631, 1632, 1634, 1635, 1636, 1637, 1638, 1639, 1640, 1641, 1642, 1643, 1652, 1656, 1660, 1661, 1671, 1676, 1678, 1680, 1689, 1690, 1691, 1693, 1694, 1697, 1699, 1708, 1710, 1718, 1719, 1726, 1736, 1738, 1739, 1751, 1754, 1755, 1759, 1790, 1794, 1797, 1804, 1805, 1806, 1807, 1808, 1809, 1810, 1811, 1812, 1813, 1814, 1815, 1816, 1817, 1818, 1819, 1821, 1822, 1823, 1824, 1825, 1831, 1832, 1833, 1834, 1835, 1836, 1837, 1838, 1852, 1856, 1857, 1859, 1863, 1878, 1879, 1882, 1883, 1886, 1887, 1888, 1889, 1895, 1902, 1918, 1919, 1925, 1926, 1928, 1929, 1930, 1931, 1934, 1935, 1937, 1938, 1939, 1940, 1941, 1942, 1943, 1944, 1945, 1948, 1951, 1957, 1958, 1961, 1965, 1966, 1967, 1970, 1971, 1982, 1983, 1987, 1988, 1991, 1994, 1995, 2010, 2013, 2014, 2016, 2017, 2020, 2022, 2025, 2029, 2031, 2032, 2033, 2035, 2036, 2039, 2040, 2041, 2044, 2046, 2062, 2065, 2066, 2092, 2096, 2099, 2100, 2101, 2103, 2133, 2136, 2139, 2142, 2145, 2161, 2162, 2165, 2180, 2196], "summary": {"covered_lines": 372, "num_statements": 372, "percent_covered": 100.0, "percent_covered_display": "100", "missing_lines": 0, "excluded_lines": 78, "percent_statements_covered": 100.0, "percent_statements_covered_display": "100"}, "missing_lines": [], "excluded_lines": [840, 841, 862, 863, 1033, 1062, 1381, 1382, 1396, 1397, 1429, 1431, 1433, 1481, 1483, 1485, 1519, 1520, 1528, 1529, 1565, 1567, 1569, 1570, 1571, 1586, 1588, 1590, 1591, 1592, 1647, 1648, 1654, 1655, 1662, 1665, 1667, 1668, 1669, 1695, 1696, 1700, 1702, 1703, 1704, 1705, 1707, 1720, 1721, 1722, 1724, 1740, 1742, 1743, 1744, 1745, 1747, 1748, 1749, 1750, 1753, 1756, 1757, 1798, 1800, 1802, 1826, 1828, 1830, 1839, 1841, 1843, 1844, 1846, 1848, 1977, 1978, 1979], "start_line": 704}, "": {"executed_lines": [1, 3, 4, 5, 6, 7, 8, 9, 10, 11, 13, 14, 16, 17, 18, 27, 28, 29, 32, 33, 34, 35, 36, 37, 42, 43, 46, 49, 52, 53, 56, 79, 81, 82, 83, 86, 99, 110, 177, 185, 227, 256, 273, 317, 334, 361, 389, 473, 478, 488, 498, 507, 542, 583, 584, 587, 592, 601, 619, 620, 625, 626, 635, 643, 647, 652, 653, 658, 659, 667, 668, 672, 691, 704, 749, 959, 960, 973, 974, 991, 992, 1008, 1009, 1020, 1021, 1038, 1039, 1050, 1051, 1065, 1066, 1078, 1079, 1088, 1102, 1115, 1132, 1150, 1167, 1229, 1250, 1341, 1356, 1372, 1387, 1402, 1452, 1490, 1542, 1673, 1792, 1850, 1854, 1865, 1891, 1904, 1997, 2068, 2105, 2153, 2182, 2199, 2221, 2224, 2225, 2228, 2253, 2255, 2257, 2259], "summary": {"covered_lines": 130, "num_statements": 130, "percent_covered": 100.0, "percent_covered_display": "100", "missing_lines": 0, "excluded_lines": 38, "percent_statements_covered": 100.0, "percent_statements_covered_display": "100"}, "missing_lines": [], "excluded_lines": [39, 40, 221, 223, 224, 226, 250, 252, 253, 255, 267, 269, 270, 272, 311, 313, 314, 316, 328, 330, 331, 333, 355, 357, 358, 360, 378, 380, 381, 382, 383, 384, 385, 386, 388, 588, 590, 591], "start_line": 1}}}, "src/dqx/cache.py": {"executed_lines": [7, 9, 10, 11, 12, 13, 14, 16, 18, 19, 20, 25, 28, 31, 32, 35, 36, 38, 44, 45, 47, 49, 51, 53, 55, 57, 58, 61, 75, 81, 82, 83, 84, 85, 87, 100, 102, 103, 104, 107, 110, 112, 113, 114, 115, 116, 117, 118, 119, 120, 121, 123, 124, 133, 134, 143, 150, 152, 153, 155, 156, 157, 159, 160, 163, 167, 189, 191, 192, 193, 200, 201, 202, 203, 204, 205, 206, 208, 216, 218, 219, 220, 222, 223, 224, 225, 226, 228, 230, 232, 233, 234, 235, 236, 238, 247, 248, 250, 256, 257, 259, 265, 266, 267, 270, 271, 272, 273, 276, 277, 278, 281, 282, 284, 286, 296, 297, 300, 301, 303, 310, 316, 317], "summary": {"covered_lines": 123, "num_statements": 123, "percent_covered": 100.0, "percent_covered_display": "100", "missing_lines": 0, "excluded_lines": 6, "percent_statements_covered": 100.0, "percent_statements_covered_display": "100"}, "missing_lines": [], "excluded_lines": [22, 23, 131, 132, 141, 142], "functions": {"CacheStats.hit_ratio": {"executed_lines": [44, 45], "summary": {"covered_lines": 2, "num_statements": 2, "percent_covered": 100.0, "percent_covered_display": "100", "missing_lines": 0, "excluded_lines": 0, "percent_statements_covered": 100.0, "percent_statements_covered_display": "100"}, "missing_lines": [], "excluded_lines": [], "start_line": 38}, "CacheStats.record_hit": {"executed_lines": [49], "summary": {"covered_lines": 1, "num_statements": 1, "percent_covered": 100.0, "percent_covered_display": "100", "missing_lines": 0, "excluded_lines": 0, "percent_statements_covered": 100.0, "percent_statements_covered_display": "100"}, "missing_lines": [], "excluded_lines": [], "start_line": 47}, "CacheStats.record_miss": {"executed_lines": [53], "summary": {"covered_lines": 1, "num_statements": 1, "percent_covered": 100.0, "percent_covered_display": "100", "missing_lines": 0, "excluded_lines": 0, "percent_statements_covered": 100.0, "percent_statements_covered_display": "100"}, "missing_lines": [], "excluded_lines": [], "start_line": 51}, "CacheStats.reset": {"executed_lines": [57, 58], "summary": {"covered_lines": 2, "num_statements": 2, "percent_covered": 100.0, "percent_covered_display": "100", "missing_lines": 0, "excluded_lines": 0, "percent_statements_covered": 100.0, "percent_statements_covered_display": "100"}, "missing_lines": [], "excluded_lines": [], "start_line": 55}, "MetricCache.__init__": {"executed_lines": [81, 82, 83, 84, 85], "summary": {"covered_lines": 5, "num_statements": 5, "percent_covered": 100.0, "percent_covered_display": "100", "missing_lines": 0, "excluded_lines": 0, "percent_statements_covered": 100.0, "percent_statements_covered_display": "100"}, "missing_lines": [], "excluded_lines": [], "start_line": 75}, "MetricCache.get": {"executed_lines": [100, 102, 103, 104, 107, 110, 112, 113, 114, 115, 116, 117, 118, 119, 120, 121], "summary": {"covered_lines": 16, "num_statements": 16, "percent_covered": 100.0, "percent_covered_display": "100", "missing_lines": 0, "excluded_lines": 0, "percent_statements_covered": 100.0, "percent_statements_covered_display": "100"}, "missing_lines": [], "excluded_lines": [], "start_line": 87}, "MetricCache.put": {"executed_lines": [150, 152, 153, 155, 156, 157, 159, 160, 163], "summary": {"covered_lines": 9, "num_statements": 9, "percent_covered": 100.0, "percent_covered_display": "100", "missing_lines": 0, "excluded_lines": 0, "percent_statements_covered": 100.0, "percent_statements_covered_display": "100"}, "missing_lines": [], "excluded_lines": [], "start_line": 143}, "MetricCache.get_timeseries": {"executed_lines": [189, 191, 192, 193, 200, 201, 202, 203, 204, 205, 206], "summary": {"covered_lines": 11, "num_statements": 11, "percent_covered": 100.0, "percent_covered_display": "100", "missing_lines": 0, "excluded_lines": 0, "percent_statements_covered": 100.0, "percent_statements_covered_display": "100"}, "missing_lines": [], "excluded_lines": [], "start_line": 167}, "MetricCache.get_sparse_timeseries": {"executed_lines": [216, 218, 219, 220, 222, 223, 224, 225, 226, 228], "summary": {"covered_lines": 10, "num_statements": 10, "percent_covered": 100.0, "percent_covered_display": "100", "missing_lines": 0, "excluded_lines": 0, "percent_statements_covered": 100.0, "percent_statements_covered_display": "100"}, "missing_lines": [], "excluded_lines": [], "start_line": 208}, "MetricCache.clear": {"executed_lines": [232, 233, 234, 235, 236], "summary": {"covered_lines": 5, "num_statements": 5, "percent_covered": 100.0, "percent_covered_display": "100", "missing_lines": 0, "excluded_lines": 0, "percent_statements_covered": 100.0, "percent_statements_covered_display": "100"}, "missing_lines": [], "excluded_lines": [], "start_line": 230}, "MetricCache.is_dirty": {"executed_lines": [247, 248], "summary": {"covered_lines": 2, "num_statements": 2, "percent_covered": 100.0, "percent_covered_display": "100", "missing_lines": 0, "excluded_lines": 0, "percent_statements_covered": 100.0, "percent_statements_covered_display": "100"}, "missing_lines": [], "excluded_lines": [], "start_line": 238}, "MetricCache.get_dirty_count": {"executed_lines": [256, 257], "summary": {"covered_lines": 2, "num_statements": 2, "percent_covered": 100.0, "percent_covered_display": "100", "missing_lines": 0, "excluded_lines": 0, "percent_statements_covered": 100.0, "percent_statements_covered_display": "100"}, "missing_lines": [], "excluded_lines": [], "start_line": 250}, "MetricCache.write_back": {"executed_lines": [265, 266, 267, 270, 271, 272, 273, 276, 277, 278, 281, 282, 284], "summary": {"covered_lines": 13, "num_statements": 13, "percent_covered": 100.0, "percent_covered_display": "100", "missing_lines": 0, "excluded_lines": 0, "percent_statements_covered": 100.0, "percent_statements_covered_display": "100"}, "missing_lines": [], "excluded_lines": [], "start_line": 259}, "MetricCache._build_key": {"executed_lines": [296, 297, 300, 301, 303], "summary": {"covered_lines": 5, "num_statements": 5, "percent_covered": 100.0, "percent_covered_display": "100", "missing_lines": 0, "excluded_lines": 0, "percent_statements_covered": 100.0, "percent_statements_covered_display": "100"}, "missing_lines": [], "excluded_lines": [], "start_line": 286}, "MetricCache.get_stats": {"executed_lines": [316, 317], "summary": {"covered_lines": 2, "num_statements": 2, "percent_covered": 100.0, "percent_covered_display": "100", "missing_lines": 0, "excluded_lines": 0, "percent_statements_covered": 100.0, "percent_statements_covered_display": "100"}, "missing_lines": [], "excluded_lines": [], "start_line": 310}, "": {"executed_lines": [7, 9, 10, 11, 12, 13, 14, 16, 18, 19, 20, 25, 28, 31, 32, 35, 36, 38, 47, 51, 55, 61, 75, 87, 123, 124, 133, 134, 143, 167, 208, 230, 238, 250, 259, 286, 310], "summary": {"covered_lines": 37, "num_statements": 37, "percent_covered": 100.0, "percent_covered_display": "100", "missing_lines": 0, "excluded_lines": 4, "percent_statements_covered": 100.0, "percent_statements_covered_display": "100"}, "missing_lines": [], "excluded_lines": [22, 23, 132, 142], "start_line": 1}}, "classes": {"CacheStats": {"executed_lines": [44, 45, 49, 53, 57, 58], "summary": {"covered_lines": 6, "num_statements": 6, "percent_covered": 100.0, "percent_covered_display": "100", "missing_lines": 0, "excluded_lines": 0, "percent_statements_covered": 100.0, "percent_statements_covered_display": "100"}, "missing_lines": [], "excluded_lines": [], "start_line": 32}, "MetricCache": {"executed_lines": [81, 82, 83, 84, 85, 100, 102, 103, 104, 107, 110, 112, 113, 114, 115, 116, 117, 118, 119, 120, 121, 150, 152, 153, 155, 156, 157, 159, 160, 163, 189, 191, 192, 193, 200, 201, 202, 203, 204, 205, 206, 216, 218, 219, 220, 222, 223, 224, 225, 226, 228, 232, 233, 234, 235, 236, 247, 248, 256, 257, 265, 266, 267, 270, 271, 272, 273, 276, 277, 278, 281, 282, 284, 296, 297, 300, 301, 303, 316, 317], "summary": {"covered_lines": 80, "num_statements": 80, "percent_covered": 100.0, "percent_covered_display": "100", "missing_lines": 0, "excluded_lines": 2, "percent_statements_covered": 100.0, "percent_statements_covered_display": "100"}, "missing_lines": [], "excluded_lines": [131, 141], "start_line": 61}, "": {"executed_lines": [7, 9, 10, 11, 12, 13, 14, 16, 18, 19, 20, 25, 28, 31, 32, 35, 36, 38, 47, 51, 55, 61, 75, 87, 123, 124, 133, 134, 143, 167, 208, 230, 238, 250, 259, 286, 310], "summary": {"covered_lines": 37, "num_statements": 37, "percent_covered": 100.0, "percent_covered_display": "100", "missing_lines": 0, "excluded_lines": 4, "percent_statements_covered": 100.0, "percent_statements_covered_display": "100"}, "missing_lines": [], "excluded_lines": [22, 23, 132, 142], "start_line": 1}}}, "src/dqx/common.py": {"executed_lines": [1, 3, 4, 5, 6, 7, 8, 10, 11, 12, 22, 23, 24, 25, 26, 27, 28, 29, 30, 31, 32, 35, 38, 51, 52, 54, 55, 56, 57, 58, 59, 60, 61, 63, 66, 69, 70, 71, 72, 74, 75, 80, 91, 96, 97, 99, 100, 102, 103, 106, 107, 110, 111, 114, 115, 118, 119, 120, 123, 124, 148, 149, 150, 151, 152, 153, 154, 155, 156, 157, 158, 159, 160, 161, 164, 165, 166, 167, 170, 171, 174, 175, 176, 177, 178, 181, 182, 195, 197, 198, 217, 233, 246, 247, 256, 290, 291], "summary": {"covered_lines": 97, "num_statements": 97, "percent_covered": 100.0, "percent_covered_display": "100", "missing_lines": 0, "excluded_lines": 27, "percent_statements_covered": 100.0, "percent_statements_covered_display": "100"}, "missing_lines": [], "excluded_lines": [14, 15, 16, 17, 18, 19, 205, 206, 207, 208, 209, 210, 211, 212, 213, 214, 215, 231, 232, 243, 244, 245, 287, 288, 289, 292, 293], "functions": {"validate_tags": {"executed_lines": [51, 52, 54, 55, 56, 57, 58, 59, 60, 61, 63], "summary": {"covered_lines": 11, "num_statements": 11, "percent_covered": 100.0, "percent_covered_display": "100", "missing_lines": 0, "excluded_lines": 0, "percent_statements_covered": 100.0, "percent_statements_covered_display": "100"}, "missing_lines": [], "excluded_lines": [], "start_line": 38}, "ResultKey.lag": {"executed_lines": [75], "summary": {"covered_lines": 1, "num_statements": 1, "percent_covered": 100.0, "percent_covered_display": "100", "missing_lines": 0, "excluded_lines": 0, "percent_statements_covered": 100.0, "percent_statements_covered_display": "100"}, "missing_lines": [], "excluded_lines": [], "start_line": 74}, "ResultKey.range": {"executed_lines": [91], "summary": {"covered_lines": 1, "num_statements": 1, "percent_covered": 100.0, "percent_covered_display": "100", "missing_lines": 0, "excluded_lines": 0, "percent_statements_covered": 100.0, "percent_statements_covered_display": "100"}, "missing_lines": [], "excluded_lines": [], "start_line": 80}, "ResultKey.__hash__": {"executed_lines": [97], "summary": {"covered_lines": 1, "num_statements": 1, "percent_covered": 100.0, "percent_covered_display": "100", "missing_lines": 0, "excluded_lines": 0, "percent_statements_covered": 100.0, "percent_statements_covered_display": "100"}, "missing_lines": [], "excluded_lines": [], "start_line": 96}, "ResultKey.__repr__": {"executed_lines": [100], "summary": {"covered_lines": 1, "num_statements": 1, "percent_covered": 100.0, "percent_covered_display": "100", "missing_lines": 0, "excluded_lines": 0, "percent_statements_covered": 100.0, "percent_statements_covered_display": "100"}, "missing_lines": [], "excluded_lines": [], "start_line": 99}, "ResultKey.__str__": {"executed_lines": [103], "summary": {"covered_lines": 1, "num_statements": 1, "percent_covered": 100.0, "percent_covered_display": "100", "missing_lines": 0, "excluded_lines": 0, "percent_statements_covered": 100.0, "percent_statements_covered_display": "100"}, "missing_lines": [], "excluded_lines": [], "start_line": 102}, "SqlDataSource.name": {"executed_lines": [], "summary": {"covered_lines": 0, "num_statements": 0, "percent_covered": 100.0, "percent_covered_display": "100", "missing_lines": 0, "excluded_lines": 1, "percent_statements_covered": 100.0, "percent_statements_covered_display": "100"}, "missing_lines": [], "excluded_lines": [205], "start_line": 198}, "SqlDataSource.skip_dates": {"executed_lines": [], "summary": {"covered_lines": 0, "num_statements": 0, "percent_covered": 100.0, "percent_covered_display": "100", "missing_lines": 0, "excluded_lines": 7, "percent_statements_covered": 100.0, "percent_statements_covered_display": "100"}, "missing_lines": [], "excluded_lines": [209, 210, 211, 212, 213, 214, 215], "start_line": 208}, "SqlDataSource.cte": {"executed_lines": [], "summary": {"covered_lines": 0, "num_statements": 0, "percent_covered": 100.0, "percent_covered_display": "100", "missing_lines": 0, "excluded_lines": 1, "percent_statements_covered": 100.0, "percent_statements_covered_display": "100"}, "missing_lines": [], "excluded_lines": [231], "start_line": 217}, "SqlDataSource.query": {"executed_lines": [], "summary": {"covered_lines": 0, "num_statements": 0, "percent_covered": 100.0, "percent_covered_display": "100", "missing_lines": 0, "excluded_lines": 1, "percent_statements_covered": 100.0, "percent_statements_covered_display": "100"}, "missing_lines": [], "excluded_lines": [243], "start_line": 233}, "Analyzer.analyze": {"executed_lines": [], "summary": {"covered_lines": 0, "num_statements": 0, "percent_covered": 100.0, "percent_covered_display": "100", "missing_lines": 0, "excluded_lines": 1, "percent_statements_covered": 100.0, "percent_statements_covered_display": "100"}, "missing_lines": [], "excluded_lines": [287], "start_line": 256}, "Context.assert_that": {"executed_lines": [], "summary": {"covered_lines": 0, "num_statements": 0, "percent_covered": 100.0, "percent_covered_display": "100", "missing_lines": 0, "excluded_lines": 1, "percent_statements_covered": 100.0, "percent_statements_covered_display": "100"}, "missing_lines": [], "excluded_lines": [292], "start_line": 292}, "": {"executed_lines": [1, 3, 4, 5, 6, 7, 8, 10, 11, 12, 22, 23, 24, 25, 26, 27, 28, 29, 30, 31, 32, 35, 38, 66, 69, 70, 71, 72, 74, 80, 96, 99, 102, 106, 107, 110, 111, 114, 115, 118, 119, 120, 123, 124, 148, 149, 150, 151, 152, 153, 154, 155, 156, 157, 158, 159, 160, 161, 164, 165, 166, 167, 170, 171, 174, 175, 176, 177, 178, 181, 182, 195, 197, 198, 217, 233, 246, 247, 256, 290, 291], "summary": {"covered_lines": 81, "num_statements": 81, "percent_covered": 100.0, "percent_covered_display": "100", "missing_lines": 0, "excluded_lines": 14, "percent_statements_covered": 100.0, "percent_statements_covered_display": "100"}, "missing_lines": [], "excluded_lines": [14, 15, 16, 17, 18, 19, 206, 207, 208, 232, 244, 245, 288, 289], "start_line": 1}}, "classes": {"DQXError": {"executed_lines": [], "summary": {"covered_lines": 0, "num_statements": 0, "percent_covered": 100.0, "percent_covered_display": "100", "missing_lines": 0, "excluded_lines": 0, "percent_statements_covered": 100.0, "percent_statements_covered_display": "100"}, "missing_lines": [], "excluded_lines": [], "start_line": 66}, "ResultKey": {"executed_lines": [75, 91, 97, 100, 103], "summary": {"covered_lines": 5, "num_statements": 5, "percent_covered": 100.0, "percent_covered_display": "100", "missing_lines": 0, "excluded_lines": 0, "percent_statements_covered": 100.0, "percent_statements_covered_display": "100"}, "missing_lines": [], "excluded_lines": [], "start_line": 70}, "Metadata": {"executed_lines": [], "summary": {"covered_lines": 0, "num_statements": 0, "percent_covered": 100.0, "percent_covered_display": "100", "missing_lines": 0, "excluded_lines": 0, "percent_statements_covered": 100.0, "percent_statements_covered_display": "100"}, "missing_lines": [], "excluded_lines": [], "start_line": 107}, "EvaluationFailure": {"executed_lines": [], "summary": {"covered_lines": 0, "num_statements": 0, "percent_covered": 100.0, "percent_covered_display": "100", "missing_lines": 0, "excluded_lines": 0, "percent_statements_covered": 100.0, "percent_statements_covered_display": "100"}, "missing_lines": [], "excluded_lines": [], "start_line": 115}, "AssertionResult": {"executed_lines": [], "summary": {"covered_lines": 0, "num_statements": 0, "percent_covered": 100.0, "percent_covered_display": "100", "missing_lines": 0, "excluded_lines": 0, "percent_statements_covered": 100.0, "percent_statements_covered_display": "100"}, "missing_lines": [], "excluded_lines": [], "start_line": 124}, "SymbolicValidator": {"executed_lines": [], "summary": {"covered_lines": 0, "num_statements": 0, "percent_covered": 100.0, "percent_covered_display": "100", "missing_lines": 0, "excluded_lines": 0, "percent_statements_covered": 100.0, "percent_statements_covered_display": "100"}, "missing_lines": [], "excluded_lines": [], "start_line": 165}, "PluginMetadata": {"executed_lines": [], "summary": {"covered_lines": 0, "num_statements": 0, "percent_covered": 100.0, "percent_covered_display": "100", "missing_lines": 0, "excluded_lines": 0, "percent_statements_covered": 100.0, "percent_statements_covered_display": "100"}, "missing_lines": [], "excluded_lines": [], "start_line": 171}, "SqlDataSource": {"executed_lines": [], "summary": {"covered_lines": 0, "num_statements": 0, "percent_covered": 100.0, "percent_covered_display": "100", "missing_lines": 0, "excluded_lines": 10, "percent_statements_covered": 100.0, "percent_statements_covered_display": "100"}, "missing_lines": [], "excluded_lines": [205, 209, 210, 211, 212, 213, 214, 215, 231, 243], "start_line": 182}, "Analyzer": {"executed_lines": [], "summary": {"covered_lines": 0, "num_statements": 0, "percent_covered": 100.0, "percent_covered_display": "100", "missing_lines": 0, "excluded_lines": 1, "percent_statements_covered": 100.0, "percent_statements_covered_display": "100"}, "missing_lines": [], "excluded_lines": [287], "start_line": 247}, "Context": {"executed_lines": [], "summary": {"covered_lines": 0, "num_statements": 0, "percent_covered": 100.0, "percent_covered_display": "100", "missing_lines": 0, "excluded_lines": 1, "percent_statements_covered": 100.0, "percent_statements_covered_display": "100"}, "missing_lines": [], "excluded_lines": [292], "start_line": 291}, "": {"executed_lines": [1, 3, 4, 5, 6, 7, 8, 10, 11, 12, 22, 23, 24, 25, 26, 27, 28, 29, 30, 31, 32, 35, 38, 51, 52, 54, 55, 56, 57, 58, 59, 60, 61, 63, 66, 69, 70, 71, 72, 74, 80, 96, 99, 102, 106, 107, 110, 111, 114, 115, 118, 119, 120, 123, 124, 148, 149, 150, 151, 152, 153, 154, 155, 156, 157, 158, 159, 160, 161, 164, 165, 166, 167, 170, 171, 174, 175, 176, 177, 178, 181, 182, 195, 197, 198, 217, 233, 246, 247, 256, 290, 291], "summary": {"covered_lines": 92, "num_statements": 92, "percent_covered": 100.0, "percent_covered_display": "100", "missing_lines": 0, "excluded_lines": 14, "percent_statements_covered": 100.0, "percent_statements_covered_display": "100"}, "missing_lines": [], "excluded_lines": [14, 15, 16, 17, 18, 19, 206, 207, 208, 232, 244, 245, 288, 289], "start_line": 1}}}, "src/dqx/compute.py": {"executed_lines": [7, 8, 9, 11, 12, 14, 15, 21, 24, 36, 37, 38, 40, 41, 42, 43, 45, 48, 65, 66, 67, 69, 70, 71, 72, 74, 77, 93, 94, 96, 97, 99, 100, 102, 105, 108, 128, 129, 132, 133, 134, 135, 136, 137, 140, 141, 143, 144, 146, 149, 169, 170, 172, 175, 176, 177, 178, 179, 180, 183, 184, 186, 187, 189, 192, 209, 210, 213, 216, 221, 222, 224, 226, 228, 229, 230, 231, 233], "summary": {"covered_lines": 78, "num_statements": 78, "percent_covered": 100.0, "percent_covered_display": "100", "missing_lines": 0, "excluded_lines": 2, "percent_statements_covered": 100.0, "percent_statements_covered_display": "100"}, "missing_lines": [], "excluded_lines": [17, 18], "functions": {"_timeseries_check": {"executed_lines": [36, 37, 38, 40, 41, 42, 43, 45], "summary": {"covered_lines": 8, "num_statements": 8, "percent_covered": 100.0, "percent_covered_display": "100", "missing_lines": 0, "excluded_lines": 0, "percent_statements_covered": 100.0, "percent_statements_covered_display": "100"}, "missing_lines": [], "excluded_lines": [], "start_line": 24}, "_sparse_timeseries_check": {"executed_lines": [65, 66, 67, 69, 70, 71, 72, 74], "summary": {"covered_lines": 8, "num_statements": 8, "percent_covered": 100.0, "percent_covered_display": "100", "missing_lines": 0, "excluded_lines": 0, "percent_statements_covered": 100.0, "percent_statements_covered_display": "100"}, "missing_lines": [], "excluded_lines": [], "start_line": 48}, "simple_metric": {"executed_lines": [93, 94, 96, 97, 99, 100, 102, 105], "summary": {"covered_lines": 8, "num_statements": 8, "percent_covered": 100.0, "percent_covered_display": "100", "missing_lines": 0, "excluded_lines": 0, "percent_statements_covered": 100.0, "percent_statements_covered_display": "100"}, "missing_lines": [], "excluded_lines": [], "start_line": 77}, "day_over_day": {"executed_lines": [128, 129, 132, 133, 134, 135, 136, 137, 140, 141, 143, 144, 146], "summary": {"covered_lines": 13, "num_statements": 13, "percent_covered": 100.0, "percent_covered_display": "100", "missing_lines": 0, "excluded_lines": 0, "percent_statements_covered": 100.0, "percent_statements_covered_display": "100"}, "missing_lines": [], "excluded_lines": [], "start_line": 108}, "week_over_week": {"executed_lines": [169, 170, 172, 175, 176, 177, 178, 179, 180, 183, 184, 186, 187, 189], "summary": {"covered_lines": 14, "num_statements": 14, "percent_covered": 100.0, "percent_covered_display": "100", "missing_lines": 0, "excluded_lines": 0, "percent_statements_covered": 100.0, "percent_statements_covered_display": "100"}, "missing_lines": [], "excluded_lines": [], "start_line": 149}, "stddev": {"executed_lines": [209, 210, 213, 216, 221, 222, 224, 226, 228, 229, 230, 231, 233], "summary": {"covered_lines": 13, "num_statements": 13, "percent_covered": 100.0, "percent_covered_display": "100", "missing_lines": 0, "excluded_lines": 0, "percent_statements_covered": 100.0, "percent_statements_covered_display": "100"}, "missing_lines": [], "excluded_lines": [], "start_line": 192}, "": {"executed_lines": [7, 8, 9, 11, 12, 14, 15, 21, 24, 48, 77, 108, 149, 192], "summary": {"covered_lines": 14, "num_statements": 14, "percent_covered": 100.0, "percent_covered_display": "100", "missing_lines": 0, "excluded_lines": 2, "percent_statements_covered": 100.0, "percent_statements_covered_display": "100"}, "missing_lines": [], "excluded_lines": [17, 18], "start_line": 1}}, "classes": {"": {"executed_lines": [7, 8, 9, 11, 12, 14, 15, 21, 24, 36, 37, 38, 40, 41, 42, 43, 45, 48, 65, 66, 67, 69, 70, 71, 72, 74, 77, 93, 94, 96, 97, 99, 100, 102, 105, 108, 128, 129, 132, 133, 134, 135, 136, 137, 140, 141, 143, 144, 146, 149, 169, 170, 172, 175, 176, 177, 178, 179, 180, 183, 184, 186, 187, 189, 192, 209, 210, 213, 216, 221, 222, 224, 226, 228, 229, 230, 231, 233], "summary": {"covered_lines": 78, "num_statements": 78, "percent_covered": 100.0, "percent_covered_display": "100", "missing_lines": 0, "excluded_lines": 2, "percent_statements_covered": 100.0, "percent_statements_covered_display": "100"}, "missing_lines": [], "excluded_lines": [17, 18], "start_line": 1}}}, "src/dqx/config.py": {"executed_lines": [26, 28, 29, 30, 31, 33, 35, 36, 38, 41, 58, 59, 61, 62, 63, 64, 65, 67, 68, 70, 71, 73, 76, 85, 86, 88, 89, 91, 92, 93, 96, 97, 98, 99, 102, 122, 124, 127, 128, 131, 132, 133, 139, 140, 141, 142, 144, 147, 158, 159, 160, 163, 176, 178, 180, 181, 182, 184, 186, 187, 188, 189, 190, 196, 197, 198, 199, 200, 205, 206, 207, 208, 209, 213, 214, 216, 220, 222, 223, 224, 226, 228, 229, 230, 233, 234, 235, 236, 241, 242, 244, 246, 248, 249, 250, 253, 254, 260, 261, 263, 269, 271, 272, 278, 281, 302, 304, 307, 309, 310, 315, 316, 318, 319, 320, 322, 324, 325, 326, 327, 328, 331, 332, 335, 338, 339, 340, 343, 344, 345, 346, 347, 349, 350, 351, 352, 353, 355, 356, 357, 358, 363, 364, 365, 366, 372, 373, 376, 377, 378, 380, 383, 384, 387, 393, 395, 396, 401], "summary": {"covered_lines": 158, "num_statements": 158, "percent_covered": 100.0, "percent_covered_display": "100", "missing_lines": 0, "excluded_lines": 8, "percent_statements_covered": 100.0, "percent_statements_covered_display": "100"}, "missing_lines": [], "excluded_lines": [265, 267, 273, 274, 312, 313, 397, 399], "functions": {"load_config": {"executed_lines": [58, 59, 61, 62, 63, 64, 65, 67, 68, 70, 71, 73], "summary": {"covered_lines": 12, "num_statements": 12, "percent_covered": 100.0, "percent_covered_display": "100", "missing_lines": 0, "excluded_lines": 0, "percent_statements_covered": 100.0, "percent_statements_covered_display": "100"}, "missing_lines": [], "excluded_lines": [], "start_line": 41}, "validate_config_structure": {"executed_lines": [85, 86, 88, 89, 91, 92, 93, 96, 97, 98, 99], "summary": {"covered_lines": 11, "num_statements": 11, "percent_covered": 100.0, "percent_covered_display": "100", "missing_lines": 0, "excluded_lines": 0, "percent_statements_covered": 100.0, "percent_statements_covered_display": "100"}, "missing_lines": [], "excluded_lines": [], "start_line": 76}, "apply_tunables_from_config": {"executed_lines": [122, 124, 127, 128, 131, 132, 133, 139, 140, 141, 142, 144], "summary": {"covered_lines": 12, "num_statements": 12, "percent_covered": 100.0, "percent_covered_display": "100", "missing_lines": 0, "excluded_lines": 0, "percent_statements_covered": 100.0, "percent_statements_covered_display": "100"}, "missing_lines": [], "excluded_lines": [], "start_line": 102}, "_validate_no_unknown_fields": {"executed_lines": [158, 159, 160], "summary": {"covered_lines": 3, "num_statements": 3, "percent_covered": 100.0, "percent_covered_display": "100", "missing_lines": 0, "excluded_lines": 0, "percent_statements_covered": 100.0, "percent_statements_covered_display": "100"}, "missing_lines": [], "excluded_lines": [], "start_line": 147}, "_parse_rules": {"executed_lines": [176, 178, 180, 181, 182, 184, 186, 187, 188, 189, 190, 196, 197, 198, 199, 200, 205, 206, 207, 208, 209, 213, 214, 216, 220, 222, 223, 224, 226, 228, 229, 230, 233, 234, 235, 236, 241, 242, 244, 246, 248, 249, 250, 253, 254, 260, 261, 263, 269, 271, 272, 278], "summary": {"covered_lines": 52, "num_statements": 52, "percent_covered": 100.0, "percent_covered_display": "100", "missing_lines": 0, "excluded_lines": 4, "percent_statements_covered": 100.0, "percent_statements_covered_display": "100"}, "missing_lines": [], "excluded_lines": [265, 267, 273, 274], "start_line": 163}, "load_profiles_from_config": {"executed_lines": [302, 304, 307, 309, 310, 315, 316, 318, 319, 320, 322, 324, 325, 326, 327, 328, 331, 332, 335, 338, 339, 340, 343, 344, 345, 346, 347, 349, 350, 351, 352, 353, 355, 356, 357, 358, 363, 364, 365, 366, 372, 373, 376, 377, 378, 380, 383, 384, 387, 393, 395, 396, 401], "summary": {"covered_lines": 53, "num_statements": 53, "percent_covered": 100.0, "percent_covered_display": "100", "missing_lines": 0, "excluded_lines": 4, "percent_statements_covered": 100.0, "percent_statements_covered_display": "100"}, "missing_lines": [], "excluded_lines": [312, 313, 397, 399], "start_line": 281}, "": {"executed_lines": [26, 28, 29, 30, 31, 33, 35, 36, 38, 41, 76, 102, 147, 163, 281], "summary": {"covered_lines": 15, "num_statements": 15, "percent_covered": 100.0, "percent_covered_display": "100", "missing_lines": 0, "excluded_lines": 0, "percent_statements_cov
[...]
0", "missing_lines": 0, "excluded_lines": 0, "percent_statements_covered": 100.0, "percent_statements_covered_display": "100"}, "missing_lines": [], "excluded_lines": [], "functions": {"random_prefix": {"executed_lines": [20], "summary": {"covered_lines": 1, "num_statements": 1, "percent_covered": 100.0, "percent_covered_display": "100", "missing_lines": 0, "excluded_lines": 0, "percent_statements_covered": 100.0, "percent_statements_covered_display": "100"}, "missing_lines": [], "excluded_lines": [], "start_line": 10}, "freeze_for_hashing": {"executed_lines": [45, 47, 48, 51, 52, 55, 56, 59, 60, 62, 63], "summary": {"covered_lines": 11, "num_statements": 11, "percent_covered": 100.0, "percent_covered_display": "100", "missing_lines": 0, "excluded_lines": 0, "percent_statements_covered": 100.0, "percent_statements_covered_display": "100"}, "missing_lines": [], "excluded_lines": [], "start_line": 23}, "": {"executed_lines": [3, 5, 6, 7, 10, 23], "summary": {"covered_lines": 6, "num_statements": 6, "percent_covered": 100.0, "percent_covered_display": "100", "missing_lines": 0, "excluded_lines": 0, "percent_statements_covered": 100.0, "percent_statements_covered_display": "100"}, "missing_lines": [], "excluded_lines": [], "start_line": 1}}, "classes": {"": {"executed_lines": [3, 5, 6, 7, 10, 20, 23, 45, 47, 48, 51, 52, 55, 56, 59, 60, 62, 63], "summary": {"covered_lines": 18, "num_statements": 18, "percent_covered": 100.0, "percent_covered_display": "100", "missing_lines": 0, "excluded_lines": 0, "percent_statements_covered": 100.0, "percent_statements_covered_display": "100"}, "missing_lines": [], "excluded_lines": [], "start_line": 1}}}, "src/dqx/validator.py": {"executed_lines": [15, 17, 18, 19, 20, 21, 23, 25, 26, 27, 28, 34, 37, 38, 41, 42, 43, 46, 49, 51, 52, 54, 55, 57, 59, 60, 62, 64, 66, 68, 70, 72, 74, 76, 78, 80, 82, 96, 98, 99, 101, 103, 104, 105, 106, 107, 109, 110, 111, 112, 113, 115, 118, 121, 122, 124, 126, 128, 129, 138, 145, 147, 149, 152, 155, 156, 158, 160, 161, 163, 165, 166, 168, 170, 171, 172, 181, 184, 185, 187, 189, 190, 199, 202, 203, 205, 207, 208, 211, 212, 213, 216, 217, 218, 227, 230, 231, 233, 235, 236, 238, 251, 252, 254, 257, 258, 260, 263, 265, 266, 267, 272, 274, 275, 287, 290, 291, 304, 305, 306, 312, 313, 326, 329, 330, 332, 334, 335, 336, 337, 339, 341, 343, 345, 346, 348, 350, 353, 356, 359, 362, 364, 365, 366, 367, 368, 370, 371, 374, 376, 385, 386, 389, 392, 398, 399, 401, 407, 409, 422, 423, 424, 427, 428, 431, 432, 434, 435, 436, 437, 439, 441, 452, 455, 456, 464, 475, 478, 481, 484, 487, 488, 489, 490, 491, 494, 495, 496, 497, 498, 501, 503, 504, 506], "summary": {"covered_lines": 194, "num_statements": 194, "percent_covered": 100.0, "percent_covered_display": "100", "missing_lines": 0, "excluded_lines": 14, "percent_statements_covered": 100.0, "percent_statements_covered_display": "100"}, "missing_lines": [], "excluded_lines": [30, 31, 136, 268, 270, 307, 309, 443, 444, 445, 446, 447, 448, 449], "functions": {"ValidationReport.__init__": {"executed_lines": [51, 52], "summary": {"covered_lines": 2, "num_statements": 2, "percent_covered": 100.0, "percent_covered_display": "100", "missing_lines": 0, "excluded_lines": 0, "percent_statements_covered": 100.0, "percent_statements_covered_display": "100"}, "missing_lines": [], "excluded_lines": [], "start_line": 49}, "ValidationReport.errors": {"executed_lines": [57], "summary": {"covered_lines": 1, "num_statements": 1, "percent_covered": 100.0, "percent_covered_display": "100", "missing_lines": 0, "excluded_lines": 0, "percent_statements_covered": 100.0, "percent_statements_covered_display": "100"}, "missing_lines": [], "excluded_lines": [], "start_line": 55}, "ValidationReport.warnings": {"executed_lines": [62], "summary": {"covered_lines": 1, "num_statements": 1, "percent_covered": 100.0, "percent_covered_display": "100", "missing_lines": 0, "excluded_lines": 0, "percent_statements_covered": 100.0, "percent_statements_covered_display": "100"}, "missing_lines": [], "excluded_lines": [], "start_line": 60}, "ValidationReport.add_error": {"executed_lines": [66], "summary": {"covered_lines": 1, "num_statements": 1, "percent_covered": 100.0, "percent_covered_display": "100", "missing_lines": 0, "excluded_lines": 0, "percent_statements_covered": 100.0, "percent_statements_covered_display": "100"}, "missing_lines": [], "excluded_lines": [], "start_line": 64}, "ValidationReport.add_warning": {"executed_lines": [70], "summary": {"covered_lines": 1, "num_statements": 1, "percent_covered": 100.0, "percent_covered_display": "100", "missing_lines": 0, "excluded_lines": 0, "percent_statements_covered": 100.0, "percent_statements_covered_display": "100"}, "missing_lines": [], "excluded_lines": [], "start_line": 68}, "ValidationReport.has_errors": {"executed_lines": [74], "summary": {"covered_lines": 1, "num_statements": 1, "percent_covered": 100.0, "percent_covered_display": "100", "missing_lines": 0, "excluded_lines": 0, "percent_statements_covered": 100.0, "percent_statements_covered_display": "100"}, "missing_lines": [], "excluded_lines": [], "start_line": 72}, "ValidationReport.has_warnings": {"executed_lines": [78], "summary": {"covered_lines": 1, "num_statements": 1, "percent_covered": 100.0, "percent_covered_display": "100", "missing_lines": 0, "excluded_lines": 0, "percent_statements_covered": 100.0, "percent_statements_covered_display": "100"}, "missing_lines": [], "excluded_lines": [], "start_line": 76}, "ValidationReport.to_dict": {"executed_lines": [82], "summary": {"covered_lines": 1, "num_statements": 1, "percent_covered": 100.0, "percent_covered_display": "100", "missing_lines": 0, "excluded_lines": 0, "percent_statements_covered": 100.0, "percent_statements_covered_display": "100"}, "missing_lines": [], "excluded_lines": [], "start_line": 80}, "ValidationReport.__str__": {"executed_lines": [98, 99, 101, 103, 104, 105, 106, 107, 109, 110, 111, 112, 113, 115], "summary": {"covered_lines": 14, "num_statements": 14, "percent_covered": 100.0, "percent_covered_display": "100", "missing_lines": 0, "excluded_lines": 0, "percent_statements_covered": 100.0, "percent_statements_covered_display": "100"}, "missing_lines": [], "excluded_lines": [], "start_line": 96}, "BaseValidator.__init__": {"executed_lines": [126], "summary": {"covered_lines": 1, "num_statements": 1, "percent_covered": 100.0, "percent_covered_display": "100", "missing_lines": 0, "excluded_lines": 0, "percent_statements_covered": 100.0, "percent_statements_covered_display": "100"}, "missing_lines": [], "excluded_lines": [], "start_line": 124}, "BaseValidator.process_node": {"executed_lines": [], "summary": {"covered_lines": 0, "num_statements": 0, "percent_covered": 100.0, "percent_covered_display": "100", "missing_lines": 0, "excluded_lines": 1, "percent_statements_covered": 100.0, "percent_statements_covered_display": "100"}, "missing_lines": [], "excluded_lines": [136], "start_line": 129}, "BaseValidator.get_issues": {"executed_lines": [145], "summary": {"covered_lines": 1, "num_statements": 1, "percent_covered": 100.0, "percent_covered_display": "100", "missing_lines": 0, "excluded_lines": 0, "percent_statements_covered": 100.0, "percent_statements_covered_display": "100"}, "missing_lines": [], "excluded_lines": [], "start_line": 138}, "BaseValidator.finalize": {"executed_lines": [149], "summary": {"covered_lines": 1, "num_statements": 1, "percent_covered": 100.0, "percent_covered_display": "100", "missing_lines": 0, "excluded_lines": 0, "percent_statements_covered": 100.0, "percent_statements_covered_display": "100"}, "missing_lines": [], "excluded_lines": [], "start_line": 147}, "DuplicateCheckNameValidator.__init__": {"executed_lines": [160, 161], "summary": {"covered_lines": 2, "num_statements": 2, "percent_covered": 100.0, "percent_covered_display": "100", "missing_lines": 0, "excluded_lines": 0, "percent_statements_covered": 100.0, "percent_statements_covered_display": "100"}, "missing_lines": [], "excluded_lines": [], "start_line": 158}, "DuplicateCheckNameValidator.process_node": {"executed_lines": [165, 166], "summary": {"covered_lines": 2, "num_statements": 2, "percent_covered": 100.0, "percent_covered_display": "100", "missing_lines": 0, "excluded_lines": 0, "percent_statements_covered": 100.0, "percent_statements_covered_display": "100"}, "missing_lines": [], "excluded_lines": [], "start_line": 163}, "DuplicateCheckNameValidator.finalize": {"executed_lines": [170, 171, 172], "summary": {"covered_lines": 3, "num_statements": 3, "percent_covered": 100.0, "percent_covered_display": "100", "missing_lines": 0, "excluded_lines": 0, "percent_statements_covered": 100.0, "percent_statements_covered_display": "100"}, "missing_lines": [], "excluded_lines": [], "start_line": 168}, "EmptyCheckValidator.process_node": {"executed_lines": [189, 190], "summary": {"covered_lines": 2, "num_statements": 2, "percent_covered": 100.0, "percent_covered_display": "100", "missing_lines": 0, "excluded_lines": 0, "percent_statements_covered": 100.0, "percent_statements_covered_display": "100"}, "missing_lines": [], "excluded_lines": [], "start_line": 187}, "DuplicateAssertionNameValidator.process_node": {"executed_lines": [207, 208, 211, 212, 213, 216, 217, 218], "summary": {"covered_lines": 8, "num_statements": 8, "percent_covered": 100.0, "percent_covered_display": "100", "missing_lines": 0, "excluded_lines": 0, "percent_statements_covered": 100.0, "percent_statements_covered_display": "100"}, "missing_lines": [], "excluded_lines": [], "start_line": 205}, "DatasetValidator.__init__": {"executed_lines": [235, 236], "summary": {"covered_lines": 2, "num_statements": 2, "percent_covered": 100.0, "percent_covered_display": "100", "missing_lines": 0, "excluded_lines": 0, "percent_statements_covered": 100.0, "percent_statements_covered_display": "100"}, "missing_lines": [], "excluded_lines": [], "start_line": 233}, "DatasetValidator.process_node": {"executed_lines": [251, 252, 254, 257, 258, 260, 263, 265, 266, 267, 272, 274, 275, 287, 290, 291, 304, 305, 306, 312, 313], "summary": {"covered_lines": 21, "num_statements": 21, "percent_covered": 100.0, "percent_covered_display": "100", "missing_lines": 0, "excluded_lines": 4, "percent_statements_covered": 100.0, "percent_statements_covered_display": "100"}, "missing_lines": [], "excluded_lines": [268, 270, 307, 309], "start_line": 238}, "UnusedSymbolValidator.__init__": {"executed_lines": [334, 335, 336, 337], "summary": {"covered_lines": 4, "num_statements": 4, "percent_covered": 100.0, "percent_covered_display": "100", "missing_lines": 0, "excluded_lines": 0, "percent_statements_covered": 100.0, "percent_statements_covered_display": "100"}, "missing_lines": [], "excluded_lines": [], "start_line": 332}, "UnusedSymbolValidator.process_node": {"executed_lines": [341, 343], "summary": {"covered_lines": 2, "num_statements": 2, "percent_covered": 100.0, "percent_covered_display": "100", "missing_lines": 0, "excluded_lines": 0, "percent_statements_covered": 100.0, "percent_statements_covered_display": "100"}, "missing_lines": [], "excluded_lines": [], "start_line": 339}, "UnusedSymbolValidator.removed_symbols": {"executed_lines": [348], "summary": {"covered_lines": 1, "num_statements": 1, "percent_covered": 100.0, "percent_covered_display": "100", "missing_lines": 0, "excluded_lines": 0, "percent_statements_covered": 100.0, "percent_statements_covered_display": "100"}, "missing_lines": [], "excluded_lines": [], "start_line": 346}, "UnusedSymbolValidator.finalize": {"executed_lines": [353, 356, 359, 362, 364, 365, 366, 367, 368, 370, 371, 374, 376, 385, 386], "summary": {"covered_lines": 15, "num_statements": 15, "percent_covered": 100.0, "percent_covered_display": "100", "missing_lines": 0, "excluded_lines": 0, "percent_statements_covered": 100.0, "percent_statements_covered_display": "100"}, "missing_lines": [], "excluded_lines": [], "start_line": 350}, "CompositeValidationVisitor.__init__": {"executed_lines": [398, 399], "summary": {"covered_lines": 2, "num_statements": 2, "percent_covered": 100.0, "percent_covered_display": "100", "missing_lines": 0, "excluded_lines": 0, "percent_statements_covered": 100.0, "percent_statements_covered_display": "100"}, "missing_lines": [], "excluded_lines": [], "start_line": 392}, "CompositeValidationVisitor.visit": {"executed_lines": [407], "summary": {"covered_lines": 1, "num_statements": 1, "percent_covered": 100.0, "percent_covered_display": "100", "missing_lines": 0, "excluded_lines": 0, "percent_statements_covered": 100.0, "percent_statements_covered_display": "100"}, "missing_lines": [], "excluded_lines": [], "start_line": 401}, "CompositeValidationVisitor.get_all_issues": {"executed_lines": [422, 423, 424, 427, 428, 431, 432, 434, 435, 436, 437, 439, 441], "summary": {"covered_lines": 13, "num_statements": 13, "percent_covered": 100.0, "percent_covered_display": "100", "missing_lines": 0, "excluded_lines": 0, "percent_statements_covered": 100.0, "percent_statements_covered_display": "100"}, "missing_lines": [], "excluded_lines": [], "start_line": 409}, "CompositeValidationVisitor.visit_async": {"executed_lines": [], "summary": {"covered_lines": 0, "num_statements": 0, "percent_covered": 100.0, "percent_covered_display": "100", "missing_lines": 0, "excluded_lines": 6, "percent_statements_covered": 100.0, "percent_statements_covered_display": "100"}, "missing_lines": [], "excluded_lines": [444, 445, 446, 447, 448, 449], "start_line": 443}, "SuiteValidator.validators": {"executed_lines": [456], "summary": {"covered_lines": 1, "num_statements": 1, "percent_covered": 100.0, "percent_covered_display": "100", "missing_lines": 0, "excluded_lines": 0, "percent_statements_covered": 100.0, "percent_statements_covered_display": "100"}, "missing_lines": [], "excluded_lines": [], "start_line": 455}, "SuiteValidator.validate": {"executed_lines": [475, 478, 481, 484, 487, 488, 489, 490, 491, 494, 495, 496, 497, 498, 501, 503, 504, 506], "summary": {"covered_lines": 18, "num_statements": 18, "percent_covered": 100.0, "percent_covered_display": "100", "missing_lines": 0, "excluded_lines": 0, "percent_statements_covered": 100.0, "percent_statements_covered_display": "100"}, "missing_lines": [], "excluded_lines": [], "start_line": 464}, "": {"executed_lines": [15, 17, 18, 19, 20, 21, 23, 25, 26, 27, 28, 34, 37, 38, 41, 42, 43, 46, 49, 54, 55, 59, 60, 64, 68, 72, 76, 80, 96, 118, 121, 122, 124, 128, 129, 138, 147, 152, 155, 156, 158, 163, 168, 181, 184, 185, 187, 199, 202, 203, 205, 227, 230, 231, 233, 238, 326, 329, 330, 332, 339, 345, 346, 350, 389, 392, 401, 409, 452, 455, 464], "summary": {"covered_lines": 71, "num_statements": 71, "percent_covered": 100.0, "percent_covered_display": "100", "missing_lines": 0, "excluded_lines": 3, "percent_statements_covered": 100.0, "percent_statements_covered_display": "100"}, "missing_lines": [], "excluded_lines": [30, 31, 443], "start_line": 1}}, "classes": {"ValidationIssue": {"executed_lines": [], "summary": {"covered_lines": 0, "num_statements": 0, "percent_covered": 100.0, "percent_covered_display": "100", "missing_lines": 0, "excluded_lines": 0, "percent_statements_covered": 100.0, "percent_statements_covered_display": "100"}, "missing_lines": [], "excluded_lines": [], "start_line": 38}, "ValidationReport": {"executed_lines": [51, 52, 57, 62, 66, 70, 74, 78, 82, 98, 99, 101, 103, 104, 105, 106, 107, 109, 110, 111, 112, 113, 115], "summary": {"covered_lines": 23, "num_statements": 23, "percent_covered": 100.0, "percent_covered_display": "100", "missing_lines": 0, "excluded_lines": 0, "percent_statements_covered": 100.0, "percent_statements_covered_display": "100"}, "missing_lines": [], "excluded_lines": [], "start_line": 46}, "BaseValidator": {"executed_lines": [126, 145, 149], "summary": {"covered_lines": 3, "num_statements": 3, "percent_covered": 100.0, "percent_covered_display": "100", "missing_lines": 0, "excluded_lines": 1, "percent_statements_covered": 100.0, "percent_statements_covered_display": "100"}, "missing_lines": [], "excluded_lines": [136], "start_line": 118}, "DuplicateCheckNameValidator": {"executed_lines": [160, 161, 165, 166, 170, 171, 172], "summary": {"covered_lines": 7, "num_statements": 7, "percent_covered": 100.0, "percent_covered_display": "100", "missing_lines": 0, "excluded_lines": 0, "percent_statements_covered": 100.0, "percent_statements_covered_display": "100"}, "missing_lines": [], "excluded_lines": [], "start_line": 152}, "EmptyCheckValidator": {"executed_lines": [189, 190], "summary": {"covered_lines": 2, "num_statements": 2, "percent_covered": 100.0, "percent_covered_display": "100", "missing_lines": 0, "excluded_lines": 0, "percent_statements_covered": 100.0, "percent_statements_covered_display": "100"}, "missing_lines": [], "excluded_lines": [], "start_line": 181}, "DuplicateAssertionNameValidator": {"executed_lines": [207, 208, 211, 212, 213, 216, 217, 218], "summary": {"covered_lines": 8, "num_statements": 8, "percent_covered": 100.0, "percent_covered_display": "100", "missing_lines": 0, "excluded_lines": 0, "percent_statements_covered": 100.0, "percent_statements_covered_display": "100"}, "missing_lines": [], "excluded_lines": [], "start_line": 199}, "DatasetValidator": {"executed_lines": [235, 236, 251, 252, 254, 257, 258, 260, 263, 265, 266, 267, 272, 274, 275, 287, 290, 291, 304, 305, 306, 312, 313], "summary": {"covered_lines": 23, "num_statements": 23, "percent_covered": 100.0, "percent_covered_display": "100", "missing_lines": 0, "excluded_lines": 4, "percent_statements_covered": 100.0, "percent_statements_covered_display": "100"}, "missing_lines": [], "excluded_lines": [268, 270, 307, 309], "start_line": 227}, "UnusedSymbolValidator": {"executed_lines": [334, 335, 336, 337, 341, 343, 348, 353, 356, 359, 362, 364, 365, 366, 367, 368, 370, 371, 374, 376, 385, 386], "summary": {"covered_lines": 22, "num_statements": 22, "percent_covered": 100.0, "percent_covered_display": "100", "missing_lines": 0, "excluded_lines": 0, "percent_statements_covered": 100.0, "percent_statements_covered_display": "100"}, "missing_lines": [], "excluded_lines": [], "start_line": 326}, "CompositeValidationVisitor": {"executed_lines": [398, 399, 407, 422, 423, 424, 427, 428, 431, 432, 434, 435, 436, 437, 439, 441], "summary": {"covered_lines": 16, "num_statements": 16, "percent_covered": 100.0, "percent_covered_display": "100", "missing_lines": 0, "excluded_lines": 6, "percent_statements_covered": 100.0, "percent_statements_covered_display": "100"}, "missing_lines": [], "excluded_lines": [444, 445, 446, 447, 448, 449], "start_line": 389}, "SuiteValidator": {"executed_lines": [456, 475, 478, 481, 484, 487, 488, 489, 490, 491, 494, 495, 496, 497, 498, 501, 503, 504, 506], "summary": {"covered_lines": 19, "num_statements": 19, "percent_covered": 100.0, "percent_covered_display": "100", "missing_lines": 0, "excluded_lines": 0, "percent_statements_covered": 100.0, "percent_statements_covered_display": "100"}, "missing_lines": [], "excluded_lines": [], "start_line": 452}, "": {"executed_lines": [15, 17, 18, 19, 20, 21, 23, 25, 26, 27, 28, 34, 37, 38, 41, 42, 43, 46, 49, 54, 55, 59, 60, 64, 68, 72, 76, 80, 96, 118, 121, 122, 124, 128, 129, 138, 147, 152, 155, 156, 158, 163, 168, 181, 184, 185, 187, 199, 202, 203, 205, 227, 230, 231, 233, 238, 326, 329, 330, 332, 339, 345, 346, 350, 389, 392, 401, 409, 452, 455, 464], "summary": {"covered_lines": 71, "num_statements": 71, "percent_covered": 100.0, "percent_covered_display": "100", "missing_lines": 0, "excluded_lines": 3, "percent_statements_covered": 100.0, "percent_statements_covered_display": "100"}, "missing_lines": [], "excluded_lines": [30, 31, 443], "start_line": 1}}}}, "totals": {"covered_lines": 5099, "num_statements": 5099, "percent_covered": 100.0, "percent_covered_display": "100", "missing_lines": 0, "excluded_lines": 664, "percent_statements_covered": 100.0, "percent_statements_covered_display": "100"}}
